#
# There is insufficient memory for the Java Runtime Environment to continue.
# Native memory allocation (malloc) failed to allocate 1419216 bytes for Chunk::new
# Possible reasons:
#   The system is out of physical RAM or swap space
#   The process is running with CompressedOops enabled, and the Java Heap may be blocking the growth of the native heap
# Possible solutions:
#   Reduce memory load on the system
#   Increase physical memory or swap space
#   Check if swap backing store is full
#   Decrease Java heap size (-Xmx/-Xms)
#   Decrease number of Java threads
#   Decrease Java thread stack sizes (-Xss)
#   Set larger code cache with -XX:ReservedCodeCacheSize=
#   JVM is running with Unscaled Compressed Oops mode in which the Java heap is
#     placed in the first 4GB address space. The Java Heap base address is the
#     maximum limit for the native heap growth. Please use -XX:HeapBaseMinAddress
#     to set the Java Heap base and to place the Java Heap above 4GB virtual address.
# This output file may be truncated or incomplete.
#
#  Out of Memory Error (./src/hotspot/share/memory/arena.cpp:197), pid=4740, tid=3536
#
# JRE version: OpenJDK Runtime Environment (11.0.11+9) (build 11.0.11+9-b60-7590822)
# Java VM: OpenJDK 64-Bit Server VM (11.0.11+9-b60-7590822, mixed mode, tiered, compressed oops, g1 gc, windows-amd64)
# No core dump will be written. Minidumps are not enabled by default on client versions of Windows
#

---------------  S U M M A R Y ------------

Command Line: --add-opens=java.base/java.util=ALL-UNNAMED --add-opens=java.base/java.lang=ALL-UNNAMED --add-opens=java.base/java.lang.invoke=ALL-UNNAMED --add-opens=java.prefs/java.util.prefs=ALL-UNNAMED -Xmx1536M -Dfile.encoding=windows-1252 -Duser.country=US -Duser.language=en -Duser.variant org.gradle.launcher.daemon.bootstrap.GradleDaemon 6.7

Host: AMD A8-5550M APU with Radeon(tm) HD Graphics   , 4 cores, 7G,  Windows 10 , 64 bit Build 19041 (10.0.19041.1645)
Time: Sat Apr 30 00:28:46 2022 West Asia Standard Time elapsed time: 34.094064 seconds (0d 0h 0m 34s)

---------------  T H R E A D  ---------------

Current thread (0x000001c16aef9000):  JavaThread "C2 CompilerThread1" daemon [_thread_in_native, id=3536, stack(0x000000bdce900000,0x000000bdcea00000)]


Current CompileTask:
C2:  34094 6049       4       org.codehaus.groovy.runtime.metaclass.MetaMethodIndex::addMethodToList (298 bytes)

Stack: [0x000000bdce900000,0x000000bdcea00000]
Native frames: (J=compiled Java code, j=interpreted, Vv=VM code, C=native code)
V  [jvm.dll+0x5f214a]
V  [jvm.dll+0x726fb5]
V  [jvm.dll+0x7285cd]
V  [jvm.dll+0x728c83]
V  [jvm.dll+0x243278]
V  [jvm.dll+0xbc53c]
V  [jvm.dll+0xbca3c]
V  [jvm.dll+0x353e7d]
V  [jvm.dll+0x321893]
V  [jvm.dll+0x320d8a]
V  [jvm.dll+0x1fc1e2]
V  [jvm.dll+0x1fb3d4]
V  [jvm.dll+0x183d6c]
V  [jvm.dll+0x209a57]
V  [jvm.dll+0x2082a1]
V  [jvm.dll+0x6ef58f]
V  [jvm.dll+0x6e80b5]
V  [jvm.dll+0x5f1036]
C  [ucrtbase.dll+0x21bb2]
C  [KERNEL32.DLL+0x17034]
C  [ntdll.dll+0x52651]


---------------  P R O C E S S  ---------------

Threads class SMR info:
_java_thread_list=0x000001c16a063e70, length=152, elements={
0x000001c15050c000, 0x000001c169564000, 0x000001c169565000, 0x000001c169581800,
0x000001c169585800, 0x000001c169586000, 0x000001c16958b800, 0x000001c16958d000,
0x000001c169f51000, 0x000001c16a037800, 0x000001c16bc74800, 0x000001c16bba2000,
0x000001c16baa8800, 0x000001c16baac000, 0x000001c16b2f4000, 0x000001c16b210000,
0x000001c16b211000, 0x000001c16b212000, 0x000001c16a959800, 0x000001c16be40000,
0x000001c16be3f000, 0x000001c16be41000, 0x000001c16be3e800, 0x000001c16be41800,
0x000001c16be42800, 0x000001c16be3c800, 0x000001c16be3d800, 0x000001c16ed1c000,
0x000001c16ed1a800, 0x000001c16ed21000, 0x000001c16ed20000, 0x000001c16ed24000,
0x000001c16ed1e800, 0x000001c16ed1f800, 0x000001c16ed22800, 0x000001c16ed28800,
0x000001c16ed23800, 0x000001c16ed25000, 0x000001c16ed29000, 0x000001c16ed26000,
0x000001c16ed27800, 0x000001c16ed26800, 0x000001c16be43800, 0x000001c16acee000,
0x000001c16aced000, 0x000001c16aceb000, 0x000001c16aceb800, 0x000001c16acec800,
0x000001c16ace8800, 0x000001c16acef000, 0x000001c16ace9000, 0x000001c16acef800,
0x000001c16acea000, 0x000001c16acf5800, 0x000001c16acf4800, 0x000001c16acf0800,
0x000001c16acf2000, 0x000001c16acf3000, 0x000001c16acf7000, 0x000001c16acf3800,
0x000001c16acf6000, 0x000001c16acf1800, 0x000001c16c2a8000, 0x000001c16c2ac000,
0x000001c16c2ad000, 0x000001c16c2a7800, 0x000001c16c2aa800, 0x000001c16c2a9800,
0x000001c16c2ae000, 0x000001c16c2ab800, 0x000001c16c2ae800, 0x000001c16c2a9000,
0x000001c16c2b5000, 0x000001c16c2b2000, 0x000001c16c2b3800, 0x000001c16c2b0000,
0x000001c16c2b4800, 0x000001c16c2b2800, 0x000001c16c2af800, 0x000001c16c2b6000,
0x000001c16c2b1000, 0x000001c16bb19800, 0x000001c16bb1a800, 0x000001c16bb18800,
0x000001c16bb1d000, 0x000001c16bb1b000, 0x000001c16bb18000, 0x000001c16bb1f800,
0x000001c16bb1d800, 0x000001c16bb1c000, 0x000001c16bb21000, 0x000001c16bb20000,
0x000001c16bb24000, 0x000001c16bb21800, 0x000001c16bb1e800, 0x000001c16bb25000,
0x000001c16bb26000, 0x000001c16bb26800, 0x000001c16bb22800, 0x000001c16bb23800,
0x000001c16ba49000, 0x000001c16ba4b800, 0x000001c16ba45800, 0x000001c16ba4a800,
0x000001c16ba48000, 0x000001c16ba4c000, 0x000001c16ba46800, 0x000001c16ba4d000,
0x000001c16ba47000, 0x000001c16ba4e000, 0x000001c16ba4e800, 0x000001c16ba4f800,
0x000001c16ba49800, 0x000001c16ba50000, 0x000001c16ba51000, 0x000001c16ba52000,
0x000001c16ba52800, 0x000001c16ba53800, 0x000001c16ba54800, 0x000001c16c695800,
0x000001c16c690800, 0x000001c16c695000, 0x000001c16c697800, 0x000001c16c696800,
0x000001c16c691800, 0x000001c16c693000, 0x000001c16c698000, 0x000001c16c692800,
0x000001c16c699000, 0x000001c16c699800, 0x000001c16c694000, 0x000001c16c69c000,
0x000001c16c69e800, 0x000001c16c69d000, 0x000001c16c69e000, 0x000001c16c69a800,
0x000001c16c69f800, 0x000001c16c69b800, 0x000001c16aef4000, 0x000001c16aef3000,
0x000001c16aef2800, 0x000001c16aef5000, 0x000001c16aef7000, 0x000001c16aef9800,
0x000001c16aef8000, 0x000001c16aefb800, 0x000001c16aef6800, 0x000001c16aefa800,
0x000001c16aef5800, 0x000001c16aefd000, 0x000001c16aefe800, 0x000001c16aef9000
}

Java Threads: ( => current thread )
  0x000001c15050c000 JavaThread "main" [_thread_blocked, id=11508, stack(0x000000bdc4700000,0x000000bdc4800000)]
  0x000001c169564000 JavaThread "Reference Handler" daemon [_thread_blocked, id=13152, stack(0x000000bdc4e00000,0x000000bdc4f00000)]
  0x000001c169565000 JavaThread "Finalizer" daemon [_thread_blocked, id=12152, stack(0x000000bdc4f00000,0x000000bdc5000000)]
  0x000001c169581800 JavaThread "Signal Dispatcher" daemon [_thread_blocked, id=10324, stack(0x000000bdc5000000,0x000000bdc5100000)]
  0x000001c169585800 JavaThread "Attach Listener" daemon [_thread_blocked, id=7496, stack(0x000000bdc5100000,0x000000bdc5200000)]
  0x000001c169586000 JavaThread "Service Thread" daemon [_thread_blocked, id=10600, stack(0x000000bdc5200000,0x000000bdc5300000)]
  0x000001c16958b800 JavaThread "C2 CompilerThread0" daemon [_thread_in_native, id=12800, stack(0x000000bdc5300000,0x000000bdc5400000)]
  0x000001c16958d000 JavaThread "C1 CompilerThread0" daemon [_thread_in_native, id=4704, stack(0x000000bdc5400000,0x000000bdc5500000)]
  0x000001c169f51000 JavaThread "Sweeper thread" daemon [_thread_blocked, id=2924, stack(0x000000bdc5500000,0x000000bdc5600000)]
  0x000001c16a037800 JavaThread "Common-Cleaner" daemon [_thread_blocked, id=8320, stack(0x000000bdc5600000,0x000000bdc5700000)]
  0x000001c16bc74800 JavaThread "Daemon health stats" [_thread_blocked, id=12808, stack(0x000000bdc5a00000,0x000000bdc5b00000)]
  0x000001c16bba2000 JavaThread "Incoming local TCP Connector on port 62013" [_thread_in_native, id=10092, stack(0x000000bdc5c00000,0x000000bdc5d00000)]
  0x000001c16baa8800 JavaThread "Daemon periodic checks" [_thread_blocked, id=12408, stack(0x000000bdc5d00000,0x000000bdc5e00000)]
  0x000001c16baac000 JavaThread "Daemon" [_thread_blocked, id=2028, stack(0x000000bdc5e00000,0x000000bdc5f00000)]
  0x000001c16b2f4000 JavaThread "Handler for socket connection from /127.0.0.1:62013 to /127.0.0.1:62016" [_thread_in_native, id=12872, stack(0x000000bdc5f00000,0x000000bdc6000000)]
  0x000001c16b210000 JavaThread "Cancel handler" [_thread_blocked, id=11432, stack(0x000000bdc6000000,0x000000bdc6100000)]
  0x000001c16b211000 JavaThread "Daemon worker" [_thread_in_vm, id=5800, stack(0x000000bdc6100000,0x000000bdc6200000)]
  0x000001c16b212000 JavaThread "Asynchronous log dispatcher for DefaultDaemonConnection: socket connection from /127.0.0.1:62013 to /127.0.0.1:62016" [_thread_blocked, id=8900, stack(0x000000bdc6200000,0x000000bdc6300000)]
  0x000001c16a959800 JavaThread "Stdin handler" [_thread_blocked, id=8496, stack(0x000000bdc6300000,0x000000bdc6400000)]
  0x000001c16be40000 JavaThread "Thread-8" [_thread_blocked, id=5284, stack(0x000000bdc6400000,0x000000bdc6500000)]
  0x000001c16be3f000 JavaThread "Cache worker for file hash cache (C:\Users\SARDOR\.gradle\caches\6.7\fileHashes)" [_thread_blocked, id=3652, stack(0x000000bdc6700000,0x000000bdc6800000)]
  0x000001c16be41000 JavaThread "File lock request listener" [_thread_in_native, id=10648, stack(0x000000bdc6800000,0x000000bdc6900000)]
  0x000001c16be3e800 JavaThread "Cache worker for journal cache (C:\Users\SARDOR\.gradle\caches\journal-1)" [_thread_blocked, id=11956, stack(0x000000bdc6900000,0x000000bdc6a00000)]
  0x000001c16be41800 JavaThread "Cache worker for file hash cache (C:\8-modul\scoped_model_pattern\android\.gradle\6.7\fileHashes)" [_thread_blocked, id=9920, stack(0x000000bdc6a00000,0x000000bdc6b00000)]
  0x000001c16be42800 JavaThread "Cache worker for checksums cache (C:\8-modul\scoped_model_pattern\android\.gradle\checksums)" [_thread_blocked, id=9512, stack(0x000000bdc6b00000,0x000000bdc6c00000)]
  0x000001c16be3c800 JavaThread "Cache worker for cache directory md-supplier (C:\Users\SARDOR\.gradle\caches\6.7\md-supplier)" [_thread_blocked, id=12456, stack(0x000000bdc6c00000,0x000000bdc6d00000)]
  0x000001c16be3d800 JavaThread "Cache worker for cache directory md-rule (C:\Users\SARDOR\.gradle\caches\6.7\md-rule)" [_thread_blocked, id=2488, stack(0x000000bdc6e00000,0x000000bdc6f00000)]
  0x000001c16ed1c000 JavaThread "Cache worker for execution history cache (C:\Users\SARDOR\.gradle\caches\6.7\executionHistory)" [_thread_blocked, id=6056, stack(0x000000bdc6f00000,0x000000bdc7000000)]
  0x000001c16ed1a800 JavaThread "jar transforms" [_thread_blocked, id=10644, stack(0x000000bdc7000000,0x000000bdc7100000)]
  0x000001c16ed21000 JavaThread "Cache worker for file content cache (C:\Users\SARDOR\.gradle\caches\6.7\fileContent)" [_thread_blocked, id=2056, stack(0x000000bdc7100000,0x000000bdc7200000)]
  0x000001c16ed20000 JavaThread "Cache worker for Build Output Cleanup Cache (C:\8-modul\scoped_model_pattern\android\.gradle\buildOutputCleanup)" [_thread_blocked, id=7452, stack(0x000000bdc6d00000,0x000000bdc6e00000)]
  0x000001c16ed24000 JavaThread "Build operations" [_thread_blocked, id=7236, stack(0x000000bdc7200000,0x000000bdc7300000)]
  0x000001c16ed1e800 JavaThread "Build operations Thread 2" [_thread_blocked, id=2284, stack(0x000000bdc7300000,0x000000bdc7400000)]
  0x000001c16ed1f800 JavaThread "Build operations Thread 3" [_thread_blocked, id=12204, stack(0x000000bdc7400000,0x000000bdc7500000)]
  0x000001c16ed22800 JavaThread "Build operations Thread 4" [_thread_blocked, id=7780, stack(0x000000bdc7500000,0x000000bdc7600000)]
  0x000001c16ed28800 JavaThread "jar transforms Thread 2" [_thread_blocked, id=10284, stack(0x000000bdc7600000,0x000000bdc7700000)]
  0x000001c16ed23800 JavaThread "jar transforms Thread 3" [_thread_blocked, id=4920, stack(0x000000bdc7700000,0x000000bdc7800000)]
  0x000001c16ed25000 JavaThread "jar transforms Thread 4" [_thread_blocked, id=11784, stack(0x000000bdc7800000,0x000000bdc7900000)]
  0x000001c16ed29000 JavaThread "jar transforms Thread 5" [_thread_blocked, id=11636, stack(0x000000bdc7900000,0x000000bdc7a00000)]
  0x000001c16ed26000 JavaThread "jar transforms Thread 6" [_thread_blocked, id=9824, stack(0x000000bdc7a00000,0x000000bdc7b00000)]
  0x000001c16ed27800 JavaThread "jar transforms Thread 7" [_thread_blocked, id=7808, stack(0x000000bdc7b00000,0x000000bdc7c00000)]
  0x000001c16ed26800 JavaThread "jar transforms Thread 8" [_thread_blocked, id=10876, stack(0x000000bdc7c00000,0x000000bdc7d00000)]
  0x000001c16be43800 JavaThread "jar transforms Thread 9" [_thread_blocked, id=11576, stack(0x000000bdc7d00000,0x000000bdc7e00000)]
  0x000001c16acee000 JavaThread "jar transforms Thread 10" [_thread_blocked, id=11156, stack(0x000000bdc7e00000,0x000000bdc7f00000)]
  0x000001c16aced000 JavaThread "jar transforms Thread 11" [_thread_blocked, id=10396, stack(0x000000bdc7f00000,0x000000bdc8000000)]
  0x000001c16aceb000 JavaThread "jar transforms Thread 12" [_thread_blocked, id=4772, stack(0x000000bdc8000000,0x000000bdc8100000)]
  0x000001c16aceb800 JavaThread "jar transforms Thread 13" [_thread_blocked, id=10924, stack(0x000000bdc8100000,0x000000bdc8200000)]
  0x000001c16acec800 JavaThread "jar transforms Thread 14" [_thread_blocked, id=10452, stack(0x000000bdc8200000,0x000000bdc8300000)]
  0x000001c16ace8800 JavaThread "jar transforms Thread 15" [_thread_blocked, id=248, stack(0x000000bdc8300000,0x000000bdc8400000)]
  0x000001c16acef000 JavaThread "jar transforms Thread 16" [_thread_blocked, id=11340, stack(0x000000bdc8400000,0x000000bdc8500000)]
  0x000001c16ace9000 JavaThread "jar transforms Thread 17" [_thread_blocked, id=13064, stack(0x000000bdc8500000,0x000000bdc8600000)]
  0x000001c16acef800 JavaThread "jar transforms Thread 18" [_thread_blocked, id=8796, stack(0x000000bdc8600000,0x000000bdc8700000)]
  0x000001c16acea000 JavaThread "jar transforms Thread 19" [_thread_blocked, id=11552, stack(0x000000bdc8700000,0x000000bdc8800000)]
  0x000001c16acf5800 JavaThread "jar transforms Thread 20" [_thread_blocked, id=996, stack(0x000000bdc8800000,0x000000bdc8900000)]
  0x000001c16acf4800 JavaThread "jar transforms Thread 21" [_thread_blocked, id=13124, stack(0x000000bdc8900000,0x000000bdc8a00000)]
  0x000001c16acf0800 JavaThread "jar transforms Thread 22" [_thread_blocked, id=9268, stack(0x000000bdc8a00000,0x000000bdc8b00000)]
  0x000001c16acf2000 JavaThread "jar transforms Thread 23" [_thread_blocked, id=5976, stack(0x000000bdc8b00000,0x000000bdc8c00000)]
  0x000001c16acf3000 JavaThread "jar transforms Thread 24" [_thread_blocked, id=4376, stack(0x000000bdc8c00000,0x000000bdc8d00000)]
  0x000001c16acf7000 JavaThread "jar transforms Thread 25" [_thread_blocked, id=12464, stack(0x000000bdc8d00000,0x000000bdc8e00000)]
  0x000001c16acf3800 JavaThread "jar transforms Thread 26" [_thread_blocked, id=12136, stack(0x000000bdc8e00000,0x000000bdc8f00000)]
  0x000001c16acf6000 JavaThread "jar transforms Thread 27" [_thread_blocked, id=5728, stack(0x000000bdc8f00000,0x000000bdc9000000)]
  0x000001c16acf1800 JavaThread "jar transforms Thread 28" [_thread_blocked, id=3704, stack(0x000000bdc9000000,0x000000bdc9100000)]
  0x000001c16c2a8000 JavaThread "jar transforms Thread 29" [_thread_blocked, id=10520, stack(0x000000bdc9100000,0x000000bdc9200000)]
  0x000001c16c2ac000 JavaThread "jar transforms Thread 30" [_thread_blocked, id=8140, stack(0x000000bdc9200000,0x000000bdc9300000)]
  0x000001c16c2ad000 JavaThread "jar transforms Thread 31" [_thread_blocked, id=9468, stack(0x000000bdc9300000,0x000000bdc9400000)]
  0x000001c16c2a7800 JavaThread "jar transforms Thread 32" [_thread_blocked, id=9136, stack(0x000000bdc9400000,0x000000bdc9500000)]
  0x000001c16c2aa800 JavaThread "jar transforms Thread 33" [_thread_blocked, id=6720, stack(0x000000bdc9500000,0x000000bdc9600000)]
  0x000001c16c2a9800 JavaThread "jar transforms Thread 34" [_thread_blocked, id=11824, stack(0x000000bdc9600000,0x000000bdc9700000)]
  0x000001c16c2ae000 JavaThread "jar transforms Thread 35" [_thread_blocked, id=9112, stack(0x000000bdc9700000,0x000000bdc9800000)]
  0x000001c16c2ab800 JavaThread "jar transforms Thread 36" [_thread_blocked, id=10880, stack(0x000000bdc9800000,0x000000bdc9900000)]
  0x000001c16c2ae800 JavaThread "jar transforms Thread 37" [_thread_blocked, id=9352, stack(0x000000bdc9900000,0x000000bdc9a00000)]
  0x000001c16c2a9000 JavaThread "jar transforms Thread 38" [_thread_blocked, id=5844, stack(0x000000bdc9a00000,0x000000bdc9b00000)]
  0x000001c16c2b5000 JavaThread "jar transforms Thread 39" [_thread_blocked, id=7904, stack(0x000000bdc9b00000,0x000000bdc9c00000)]
  0x000001c16c2b2000 JavaThread "jar transforms Thread 40" [_thread_blocked, id=4152, stack(0x000000bdc9c00000,0x000000bdc9d00000)]
  0x000001c16c2b3800 JavaThread "jar transforms Thread 41" [_thread_blocked, id=12020, stack(0x000000bdc9d00000,0x000000bdc9e00000)]
  0x000001c16c2b0000 JavaThread "jar transforms Thread 42" [_thread_blocked, id=816, stack(0x000000bdc9e00000,0x000000bdc9f00000)]
  0x000001c16c2b4800 JavaThread "jar transforms Thread 43" [_thread_blocked, id=13132, stack(0x000000bdc9f00000,0x000000bdca000000)]
  0x000001c16c2b2800 JavaThread "jar transforms Thread 44" [_thread_blocked, id=5064, stack(0x000000bdca000000,0x000000bdca100000)]
  0x000001c16c2af800 JavaThread "jar transforms Thread 45" [_thread_blocked, id=7100, stack(0x000000bdca100000,0x000000bdca200000)]
  0x000001c16c2b6000 JavaThread "jar transforms Thread 46" [_thread_blocked, id=13236, stack(0x000000bdca200000,0x000000bdca300000)]
  0x000001c16c2b1000 JavaThread "jar transforms Thread 47" [_thread_blocked, id=13220, stack(0x000000bdca300000,0x000000bdca400000)]
  0x000001c16bb19800 JavaThread "jar transforms Thread 48" [_thread_blocked, id=10144, stack(0x000000bdca400000,0x000000bdca500000)]
  0x000001c16bb1a800 JavaThread "jar transforms Thread 49" [_thread_blocked, id=2892, stack(0x000000bdca500000,0x000000bdca600000)]
  0x000001c16bb18800 JavaThread "jar transforms Thread 50" [_thread_blocked, id=3788, stack(0x000000bdca600000,0x000000bdca700000)]
  0x000001c16bb1d000 JavaThread "jar transforms Thread 51" [_thread_blocked, id=5784, stack(0x000000bdca700000,0x000000bdca800000)]
  0x000001c16bb1b000 JavaThread "jar transforms Thread 52" [_thread_blocked, id=9380, stack(0x000000bdca800000,0x000000bdca900000)]
  0x000001c16bb18000 JavaThread "jar transforms Thread 53" [_thread_blocked, id=236, stack(0x000000bdca900000,0x000000bdcaa00000)]
  0x000001c16bb1f800 JavaThread "jar transforms Thread 54" [_thread_blocked, id=5164, stack(0x000000bdcaa00000,0x000000bdcab00000)]
  0x000001c16bb1d800 JavaThread "jar transforms Thread 55" [_thread_blocked, id=8848, stack(0x000000bdcab00000,0x000000bdcac00000)]
  0x000001c16bb1c000 JavaThread "jar transforms Thread 56" [_thread_blocked, id=9388, stack(0x000000bdcac00000,0x000000bdcad00000)]
  0x000001c16bb21000 JavaThread "jar transforms Thread 57" [_thread_blocked, id=11532, stack(0x000000bdcad00000,0x000000bdcae00000)]
  0x000001c16bb20000 JavaThread "jar transforms Thread 58" [_thread_blocked, id=6132, stack(0x000000bdcae00000,0x000000bdcaf00000)]
  0x000001c16bb24000 JavaThread "jar transforms Thread 59" [_thread_blocked, id=10388, stack(0x000000bdcaf00000,0x000000bdcb000000)]
  0x000001c16bb21800 JavaThread "jar transforms Thread 60" [_thread_blocked, id=11872, stack(0x000000bdcb000000,0x000000bdcb100000)]
  0x000001c16bb1e800 JavaThread "jar transforms Thread 61" [_thread_blocked, id=1072, stack(0x000000bdcb100000,0x000000bdcb200000)]
  0x000001c16bb25000 JavaThread "jar transforms Thread 62" [_thread_blocked, id=3184, stack(0x000000bdcb200000,0x000000bdcb300000)]
  0x000001c16bb26000 JavaThread "jar transforms Thread 63" [_thread_blocked, id=11572, stack(0x000000bdcb300000,0x000000bdcb400000)]
  0x000001c16bb26800 JavaThread "jar transforms Thread 64" [_thread_blocked, id=12572, stack(0x000000bdcb400000,0x000000bdcb500000)]
  0x000001c16bb22800 JavaThread "jar transforms Thread 65" [_thread_blocked, id=12068, stack(0x000000bdcb500000,0x000000bdcb600000)]
  0x000001c16bb23800 JavaThread "jar transforms Thread 66" [_thread_blocked, id=7288, stack(0x000000bdcb600000,0x000000bdcb700000)]
  0x000001c16ba49000 JavaThread "jar transforms Thread 67" [_thread_blocked, id=4320, stack(0x000000bdcb700000,0x000000bdcb800000)]
  0x000001c16ba4b800 JavaThread "jar transforms Thread 68" [_thread_blocked, id=10188, stack(0x000000bdcb800000,0x000000bdcb900000)]
  0x000001c16ba45800 JavaThread "jar transforms Thread 69" [_thread_blocked, id=12960, stack(0x000000bdcb900000,0x000000bdcba00000)]
  0x000001c16ba4a800 JavaThread "jar transforms Thread 70" [_thread_blocked, id=4744, stack(0x000000bdcba00000,0x000000bdcbb00000)]
  0x000001c16ba48000 JavaThread "jar transforms Thread 71" [_thread_blocked, id=10256, stack(0x000000bdcbb00000,0x000000bdcbc00000)]
  0x000001c16ba4c000 JavaThread "jar transforms Thread 72" [_thread_blocked, id=7320, stack(0x000000bdcbc00000,0x000000bdcbd00000)]
  0x000001c16ba46800 JavaThread "jar transforms Thread 73" [_thread_blocked, id=13136, stack(0x000000bdcbd00000,0x000000bdcbe00000)]
  0x000001c16ba4d000 JavaThread "jar transforms Thread 74" [_thread_blocked, id=9540, stack(0x000000bdcbe00000,0x000000bdcbf00000)]
  0x000001c16ba47000 JavaThread "jar transforms Thread 75" [_thread_blocked, id=10428, stack(0x000000bdcbf00000,0x000000bdcc000000)]
  0x000001c16ba4e000 JavaThread "jar transforms Thread 76" [_thread_blocked, id=3988, stack(0x000000bdcc000000,0x000000bdcc100000)]
  0x000001c16ba4e800 JavaThread "jar transforms Thread 77" [_thread_blocked, id=12164, stack(0x000000bdcc100000,0x000000bdcc200000)]
  0x000001c16ba4f800 JavaThread "jar transforms Thread 78" [_thread_blocked, id=4240, stack(0x000000bdcc200000,0x000000bdcc300000)]
  0x000001c16ba49800 JavaThread "jar transforms Thread 79" [_thread_blocked, id=10268, stack(0x000000bdcc300000,0x000000bdcc400000)]
  0x000001c16ba50000 JavaThread "jar transforms Thread 80" [_thread_blocked, id=8304, stack(0x000000bdcc400000,0x000000bdcc500000)]
  0x000001c16ba51000 JavaThread "jar transforms Thread 81" [_thread_blocked, id=11812, stack(0x000000bdcc500000,0x000000bdcc600000)]
  0x000001c16ba52000 JavaThread "jar transforms Thread 82" [_thread_blocked, id=10952, stack(0x000000bdcc600000,0x000000bdcc700000)]
  0x000001c16ba52800 JavaThread "jar transforms Thread 83" [_thread_blocked, id=4084, stack(0x000000bdcc700000,0x000000bdcc800000)]
  0x000001c16ba53800 JavaThread "jar transforms Thread 84" [_thread_blocked, id=2468, stack(0x000000bdcc800000,0x000000bdcc900000)]
  0x000001c16ba54800 JavaThread "jar transforms Thread 85" [_thread_blocked, id=9928, stack(0x000000bdcc900000,0x000000bdcca00000)]
  0x000001c16c695800 JavaThread "jar transforms Thread 86" [_thread_blocked, id=1352, stack(0x000000bdcca00000,0x000000bdccb00000)]
  0x000001c16c690800 JavaThread "jar transforms Thread 87" [_thread_blocked, id=2804, stack(0x000000bdccb00000,0x000000bdccc00000)]
  0x000001c16c695000 JavaThread "jar transforms Thread 88" [_thread_blocked, id=8760, stack(0x000000bdccc00000,0x000000bdccd00000)]
  0x000001c16c697800 JavaThread "jar transforms Thread 89" [_thread_blocked, id=1712, stack(0x000000bdccd00000,0x000000bdcce00000)]
  0x000001c16c696800 JavaThread "jar transforms Thread 90" [_thread_blocked, id=12832, stack(0x000000bdcce00000,0x000000bdccf00000)]
  0x000001c16c691800 JavaThread "jar transforms Thread 91" [_thread_blocked, id=8576, stack(0x000000bdccf00000,0x000000bdcd000000)]
  0x000001c16c693000 JavaThread "jar transforms Thread 92" [_thread_blocked, id=10808, stack(0x000000bdcd000000,0x000000bdcd100000)]
  0x000001c16c698000 JavaThread "jar transforms Thread 93" [_thread_blocked, id=5036, stack(0x000000bdcd100000,0x000000bdcd200000)]
  0x000001c16c692800 JavaThread "jar transforms Thread 94" [_thread_blocked, id=10624, stack(0x000000bdcd200000,0x000000bdcd300000)]
  0x000001c16c699000 JavaThread "jar transforms Thread 95" [_thread_blocked, id=1516, stack(0x000000bdcd300000,0x000000bdcd400000)]
  0x000001c16c699800 JavaThread "jar transforms Thread 96" [_thread_blocked, id=2524, stack(0x000000bdcd400000,0x000000bdcd500000)]
  0x000001c16c694000 JavaThread "jar transforms Thread 97" [_thread_blocked, id=8088, stack(0x000000bdcd500000,0x000000bdcd600000)]
  0x000001c16c69c000 JavaThread "jar transforms Thread 98" [_thread_blocked, id=3220, stack(0x000000bdcd600000,0x000000bdcd700000)]
  0x000001c16c69e800 JavaThread "jar transforms Thread 99" [_thread_blocked, id=10448, stack(0x000000bdcd700000,0x000000bdcd800000)]
  0x000001c16c69d000 JavaThread "jar transforms Thread 100" [_thread_blocked, id=12124, stack(0x000000bdcd800000,0x000000bdcd900000)]
  0x000001c16c69e000 JavaThread "jar transforms Thread 101" [_thread_blocked, id=10484, stack(0x000000bdcd900000,0x000000bdcda00000)]
  0x000001c16c69a800 JavaThread "jar transforms Thread 102" [_thread_blocked, id=13280, stack(0x000000bdcda00000,0x000000bdcdb00000)]
  0x000001c16c69f800 JavaThread "jar transforms Thread 103" [_thread_blocked, id=6068, stack(0x000000bdcdb00000,0x000000bdcdc00000)]
  0x000001c16c69b800 JavaThread "jar transforms Thread 104" [_thread_blocked, id=13144, stack(0x000000bdcdc00000,0x000000bdcdd00000)]
  0x000001c16aef4000 JavaThread "jar transforms Thread 105" [_thread_blocked, id=9608, stack(0x000000bdcdd00000,0x000000bdcde00000)]
  0x000001c16aef3000 JavaThread "jar transforms Thread 106" [_thread_blocked, id=8364, stack(0x000000bdcde00000,0x000000bdcdf00000)]
  0x000001c16aef2800 JavaThread "jar transforms Thread 107" [_thread_blocked, id=11720, stack(0x000000bdcdf00000,0x000000bdce000000)]
  0x000001c16aef5000 JavaThread "jar transforms Thread 108" [_thread_blocked, id=10992, stack(0x000000bdce000000,0x000000bdce100000)]
  0x000001c16aef7000 JavaThread "jar transforms Thread 109" [_thread_blocked, id=7508, stack(0x000000bdce100000,0x000000bdce200000)]
  0x000001c16aef9800 JavaThread "jar transforms Thread 110" [_thread_blocked, id=10272, stack(0x000000bdce200000,0x000000bdce300000)]
  0x000001c16aef8000 JavaThread "jar transforms Thread 111" [_thread_blocked, id=11032, stack(0x000000bdce300000,0x000000bdce400000)]
  0x000001c16aefb800 JavaThread "jar transforms Thread 112" [_thread_blocked, id=2032, stack(0x000000bdce400000,0x000000bdce500000)]
  0x000001c16aef6800 JavaThread "jar transforms Thread 113" [_thread_blocked, id=5896, stack(0x000000bdce500000,0x000000bdce600000)]
  0x000001c16aefa800 JavaThread "jar transforms Thread 114" [_thread_blocked, id=6560, stack(0x000000bdce600000,0x000000bdce700000)]
  0x000001c16aef5800 JavaThread "jar transforms Thread 115" [_thread_blocked, id=11500, stack(0x000000bdce700000,0x000000bdce800000)]
  0x000001c16aefd000 JavaThread "jar transforms Thread 116" [_thread_blocked, id=9316, stack(0x000000bdce800000,0x000000bdce900000)]
  0x000001c16aefe800 JavaThread "Memory manager" [_thread_blocked, id=6052, stack(0x000000bdc4400000,0x000000bdc4500000)]
=>0x000001c16aef9000 JavaThread "C2 CompilerThread1" daemon [_thread_in_native, id=3536, stack(0x000000bdce900000,0x000000bdcea00000)]

Other Threads:
  0x000001c16953f000 VMThread "VM Thread" [stack: 0x000000bdc4d00000,0x000000bdc4e00000] [id=2332]
  0x000001c16a079800 WatcherThread [stack: 0x000000bdc5700000,0x000000bdc5800000] [id=7600]
  0x000001c150525000 GCTaskThread "GC Thread#0" [stack: 0x000000bdc4800000,0x000000bdc4900000] [id=6156]
  0x000001c16a287000 GCTaskThread "GC Thread#1" [stack: 0x000000bdc5800000,0x000000bdc5900000] [id=2164]
  0x000001c16afcd800 GCTaskThread "GC Thread#2" [stack: 0x000000bdc6500000,0x000000bdc6600000] [id=13076]
  0x000001c16a9c9800 GCTaskThread "GC Thread#3" [stack: 0x000000bdc6600000,0x000000bdc6700000] [id=5424]
  0x000001c15054a000 ConcurrentGCThread "G1 Main Marker" [stack: 0x000000bdc4900000,0x000000bdc4a00000] [id=4256]
  0x000001c15054b800 ConcurrentGCThread "G1 Conc#0" [stack: 0x000000bdc4a00000,0x000000bdc4b00000] [id=12860]
  0x000001c1505c5000 ConcurrentGCThread "G1 Refine#0" [stack: 0x000000bdc4b00000,0x000000bdc4c00000] [id=6228]
  0x000001c1505c6000 ConcurrentGCThread "G1 Young RemSet Sampling" [stack: 0x000000bdc4c00000,0x000000bdc4d00000] [id=8708]

Threads with active compile tasks:
C2 CompilerThread1  34168 6049       4       org.codehaus.groovy.runtime.metaclass.MetaMethodIndex::addMethodToList (298 bytes)

VM state:not at safepoint (normal execution)

VM Mutex/Monitor currently owned by a thread: None

Heap address: 0x00000000a0000000, size: 1536 MB, Compressed Oops mode: 32-bit
Narrow klass base: 0x0000000000000000, Narrow klass shift: 3
Compressed class space size: 1073741824 Address: 0x0000000100000000

Heap:
 garbage-first heap   total 118784K, used 57368K [0x00000000a0000000, 0x0000000100000000)
  region size 1024K, 13 young (13312K), 6 survivors (6144K)
 Metaspace       used 64209K, capacity 65610K, committed 65920K, reserved 1105920K
  class space    used 7963K, capacity 8463K, committed 8576K, reserved 1048576K
Heap Regions: E=young(eden), S=young(survivor), O=old, HS=humongous(starts), HC=humongous(continues), CS=collection set, F=free, A=archive, TAMS=top-at-mark-start (previous, next)
|   0|0x00000000a0000000, 0x00000000a0100000, 0x00000000a0100000|100%| O|  |TAMS 0x00000000a0100000, 0x00000000a0000000| Untracked 
|   1|0x00000000a0100000, 0x00000000a0200000, 0x00000000a0200000|100%| O|  |TAMS 0x00000000a0200000, 0x00000000a0100000| Untracked 
|   2|0x00000000a0200000, 0x00000000a0300000, 0x00000000a0300000|100%| O|  |TAMS 0x00000000a0300000, 0x00000000a0200000| Untracked 
|   3|0x00000000a0300000, 0x00000000a0400000, 0x00000000a0400000|100%|HS|  |TAMS 0x00000000a0400000, 0x00000000a0300000| Complete 
|   4|0x00000000a0400000, 0x00000000a0500000, 0x00000000a0500000|100%|HC|  |TAMS 0x00000000a0500000, 0x00000000a0400000| Complete 
|   5|0x00000000a0500000, 0x00000000a0600000, 0x00000000a0600000|100%|HC|  |TAMS 0x00000000a0600000, 0x00000000a0500000| Complete 
|   6|0x00000000a0600000, 0x00000000a0700000, 0x00000000a0700000|100%| O|  |TAMS 0x00000000a0700000, 0x00000000a0600000| Untracked 
|   7|0x00000000a0700000, 0x00000000a0800000, 0x00000000a0800000|100%| O|  |TAMS 0x00000000a0800000, 0x00000000a0700000| Untracked 
|   8|0x00000000a0800000, 0x00000000a0900000, 0x00000000a0900000|100%| O|  |TAMS 0x00000000a0900000, 0x00000000a0800000| Untracked 
|   9|0x00000000a0900000, 0x00000000a0a00000, 0x00000000a0a00000|100%| O|  |TAMS 0x00000000a0a00000, 0x00000000a0900000| Untracked 
|  10|0x00000000a0a00000, 0x00000000a0b00000, 0x00000000a0b00000|100%| O|  |TAMS 0x00000000a0b00000, 0x00000000a0a00000| Untracked 
|  11|0x00000000a0b00000, 0x00000000a0c00000, 0x00000000a0c00000|100%| O|  |TAMS 0x00000000a0c00000, 0x00000000a0b00000| Untracked 
|  12|0x00000000a0c00000, 0x00000000a0d00000, 0x00000000a0d00000|100%| O|  |TAMS 0x00000000a0d00000, 0x00000000a0c00000| Untracked 
|  13|0x00000000a0d00000, 0x00000000a0e00000, 0x00000000a0e00000|100%| O|  |TAMS 0x00000000a0e00000, 0x00000000a0d00000| Untracked 
|  14|0x00000000a0e00000, 0x00000000a0f00000, 0x00000000a0f00000|100%| O|  |TAMS 0x00000000a0f00000, 0x00000000a0e00000| Untracked 
|  15|0x00000000a0f00000, 0x00000000a1000000, 0x00000000a1000000|100%|HS|  |TAMS 0x00000000a0f00000, 0x00000000a0f00000| Complete 
|  16|0x00000000a1000000, 0x00000000a1100000, 0x00000000a1100000|100%|HS|  |TAMS 0x00000000a1000000, 0x00000000a1000000| Complete 
|  17|0x00000000a1100000, 0x00000000a1200000, 0x00000000a1200000|100%| O|  |TAMS 0x00000000a1100000, 0x00000000a1100000| Untracked 
|  18|0x00000000a1200000, 0x00000000a1300000, 0x00000000a1300000|100%| O|  |TAMS 0x00000000a1300000, 0x00000000a1200000| Untracked 
|  19|0x00000000a1300000, 0x00000000a1400000, 0x00000000a1400000|100%| O|  |TAMS 0x00000000a1400000, 0x00000000a1300000| Untracked 
|  20|0x00000000a1400000, 0x00000000a1500000, 0x00000000a1500000|100%| O|  |TAMS 0x00000000a1500000, 0x00000000a1400000| Untracked 
|  21|0x00000000a1500000, 0x00000000a1600000, 0x00000000a1600000|100%| O|  |TAMS 0x00000000a1600000, 0x00000000a1500000| Untracked 
|  22|0x00000000a1600000, 0x00000000a1700000, 0x00000000a1700000|100%| O|  |TAMS 0x00000000a1700000, 0x00000000a1600000| Untracked 
|  23|0x00000000a1700000, 0x00000000a1800000, 0x00000000a1800000|100%| O|  |TAMS 0x00000000a175b600, 0x00000000a1700000| Untracked 
|  24|0x00000000a1800000, 0x00000000a1900000, 0x00000000a1900000|100%|HS|  |TAMS 0x00000000a1800000, 0x00000000a1800000| Complete 
|  25|0x00000000a1900000, 0x00000000a1a00000, 0x00000000a1a00000|100%|HC|  |TAMS 0x00000000a1900000, 0x00000000a1900000| Complete 
|  26|0x00000000a1a00000, 0x00000000a1b00000, 0x00000000a1b00000|100%|HC|  |TAMS 0x00000000a1a00000, 0x00000000a1a00000| Complete 
|  27|0x00000000a1b00000, 0x00000000a1c00000, 0x00000000a1c00000|100%|HS|  |TAMS 0x00000000a1b00000, 0x00000000a1b00000| Complete 
|  28|0x00000000a1c00000, 0x00000000a1d00000, 0x00000000a1d00000|100%|HC|  |TAMS 0x00000000a1c00000, 0x00000000a1c00000| Complete 
|  29|0x00000000a1d00000, 0x00000000a1e00000, 0x00000000a1e00000|100%| O|  |TAMS 0x00000000a1d00000, 0x00000000a1d00000| Untracked 
|  30|0x00000000a1e00000, 0x00000000a1f00000, 0x00000000a1f00000|100%| O|  |TAMS 0x00000000a1e00000, 0x00000000a1e00000| Untracked 
|  31|0x00000000a1f00000, 0x00000000a2000000, 0x00000000a2000000|100%| O|  |TAMS 0x00000000a1f00000, 0x00000000a1f00000| Untracked 
|  32|0x00000000a2000000, 0x00000000a2100000, 0x00000000a2100000|100%| O|  |TAMS 0x00000000a2000000, 0x00000000a2000000| Untracked 
|  33|0x00000000a2100000, 0x00000000a2200000, 0x00000000a2200000|100%| O|  |TAMS 0x00000000a2100000, 0x00000000a2100000| Untracked 
|  34|0x00000000a2200000, 0x00000000a2300000, 0x00000000a2300000|100%| O|  |TAMS 0x00000000a2200000, 0x00000000a2200000| Untracked 
|  35|0x00000000a2300000, 0x00000000a2400000, 0x00000000a2400000|100%| O|  |TAMS 0x00000000a2300000, 0x00000000a2300000| Untracked 
|  36|0x00000000a2400000, 0x00000000a2500000, 0x00000000a2500000|100%| O|  |TAMS 0x00000000a2400000, 0x00000000a2400000| Untracked 
|  37|0x00000000a2500000, 0x00000000a2600000, 0x00000000a2600000|100%| O|  |TAMS 0x00000000a2500000, 0x00000000a2500000| Untracked 
|  38|0x00000000a2600000, 0x00000000a2700000, 0x00000000a2700000|100%| O|  |TAMS 0x00000000a2600000, 0x00000000a2600000| Untracked 
|  39|0x00000000a2700000, 0x00000000a2800000, 0x00000000a2800000|100%| O|  |TAMS 0x00000000a2700000, 0x00000000a2700000| Untracked 
|  40|0x00000000a2800000, 0x00000000a2900000, 0x00000000a2900000|100%| O|  |TAMS 0x00000000a2800000, 0x00000000a2800000| Untracked 
|  41|0x00000000a2900000, 0x00000000a2a00000, 0x00000000a2a00000|100%| O|  |TAMS 0x00000000a2900000, 0x00000000a2900000| Untracked 
|  42|0x00000000a2a00000, 0x00000000a2b00000, 0x00000000a2b00000|100%| O|  |TAMS 0x00000000a2a00000, 0x00000000a2a00000| Untracked 
|  43|0x00000000a2b00000, 0x00000000a2b00000, 0x00000000a2c00000|  0%| F|  |TAMS 0x00000000a2b00000, 0x00000000a2b00000| Untracked 
|  44|0x00000000a2c00000, 0x00000000a2d00000, 0x00000000a2d00000|100%| O|  |TAMS 0x00000000a2c00000, 0x00000000a2c00000| Untracked 
|  45|0x00000000a2d00000, 0x00000000a2da0600, 0x00000000a2e00000| 62%| O|  |TAMS 0x00000000a2d00000, 0x00000000a2d00000| Untracked 
|  46|0x00000000a2e00000, 0x00000000a2e00000, 0x00000000a2f00000|  0%| F|  |TAMS 0x00000000a2e00000, 0x00000000a2e00000| Untracked 
|  47|0x00000000a2f00000, 0x00000000a2f00000, 0x00000000a3000000|  0%| F|  |TAMS 0x00000000a2f00000, 0x00000000a2f00000| Untracked 
|  48|0x00000000a3000000, 0x00000000a3000000, 0x00000000a3100000|  0%| F|  |TAMS 0x00000000a3000000, 0x00000000a3000000| Untracked 
|  49|0x00000000a3100000, 0x00000000a3100000, 0x00000000a3200000|  0%| F|  |TAMS 0x00000000a3100000, 0x00000000a3100000| Untracked 
|  50|0x00000000a3200000, 0x00000000a3200000, 0x00000000a3300000|  0%| F|  |TAMS 0x00000000a3200000, 0x00000000a3200000| Untracked 
|  51|0x00000000a3300000, 0x00000000a3300000, 0x00000000a3400000|  0%| F|  |TAMS 0x00000000a3300000, 0x00000000a3300000| Untracked 
|  52|0x00000000a3400000, 0x00000000a3400000, 0x00000000a3500000|  0%| F|  |TAMS 0x00000000a3400000, 0x00000000a3400000| Untracked 
|  53|0x00000000a3500000, 0x00000000a3500000, 0x00000000a3600000|  0%| F|  |TAMS 0x00000000a3500000, 0x00000000a3500000| Untracked 
|  54|0x00000000a3600000, 0x00000000a3600000, 0x00000000a3700000|  0%| F|  |TAMS 0x00000000a3600000, 0x00000000a3600000| Untracked 
|  55|0x00000000a3700000, 0x00000000a3700000, 0x00000000a3800000|  0%| F|  |TAMS 0x00000000a3700000, 0x00000000a3700000| Untracked 
|  56|0x00000000a3800000, 0x00000000a3800000, 0x00000000a3900000|  0%| F|  |TAMS 0x00000000a3800000, 0x00000000a3800000| Untracked 
|  57|0x00000000a3900000, 0x00000000a3900000, 0x00000000a3a00000|  0%| F|  |TAMS 0x00000000a3900000, 0x00000000a3900000| Untracked 
|  58|0x00000000a3a00000, 0x00000000a3a00000, 0x00000000a3b00000|  0%| F|  |TAMS 0x00000000a3a00000, 0x00000000a3a00000| Untracked 
|  59|0x00000000a3b00000, 0x00000000a3b00000, 0x00000000a3c00000|  0%| F|  |TAMS 0x00000000a3b00000, 0x00000000a3b00000| Untracked 
|  60|0x00000000a3c00000, 0x00000000a3c00000, 0x00000000a3d00000|  0%| F|  |TAMS 0x00000000a3c00000, 0x00000000a3c00000| Untracked 
|  61|0x00000000a3d00000, 0x00000000a3d00000, 0x00000000a3e00000|  0%| F|  |TAMS 0x00000000a3d00000, 0x00000000a3d00000| Untracked 
|  62|0x00000000a3e00000, 0x00000000a3e00000, 0x00000000a3f00000|  0%| F|  |TAMS 0x00000000a3e00000, 0x00000000a3e00000| Untracked 
|  63|0x00000000a3f00000, 0x00000000a3f65bc0, 0x00000000a4000000| 39%| S|CS|TAMS 0x00000000a3f00000, 0x00000000a3f00000| Complete 
|  64|0x00000000a4000000, 0x00000000a4100000, 0x00000000a4100000|100%| S|CS|TAMS 0x00000000a4000000, 0x00000000a4000000| Complete 
|  65|0x00000000a4100000, 0x00000000a4200000, 0x00000000a4200000|100%| S|CS|TAMS 0x00000000a4100000, 0x00000000a4100000| Complete 
|  66|0x00000000a4200000, 0x00000000a4200000, 0x00000000a4300000|  0%| F|  |TAMS 0x00000000a4200000, 0x00000000a4200000| Untracked 
|  67|0x00000000a4300000, 0x00000000a4300000, 0x00000000a4400000|  0%| F|  |TAMS 0x00000000a4300000, 0x00000000a4300000| Untracked 
|  68|0x00000000a4400000, 0x00000000a4400000, 0x00000000a4500000|  0%| F|  |TAMS 0x00000000a4400000, 0x00000000a4400000| Untracked 
|  69|0x00000000a4500000, 0x00000000a4500000, 0x00000000a4600000|  0%| F|  |TAMS 0x00000000a4500000, 0x00000000a4500000| Untracked 
|  70|0x00000000a4600000, 0x00000000a4600000, 0x00000000a4700000|  0%| F|  |TAMS 0x00000000a4600000, 0x00000000a4600000| Untracked 
|  71|0x00000000a4700000, 0x00000000a4800000, 0x00000000a4800000|100%| S|CS|TAMS 0x00000000a4700000, 0x00000000a4700000| Complete 
|  72|0x00000000a4800000, 0x00000000a4900000, 0x00000000a4900000|100%| S|CS|TAMS 0x00000000a4800000, 0x00000000a4800000| Complete 
|  73|0x00000000a4900000, 0x00000000a4a00000, 0x00000000a4a00000|100%| S|CS|TAMS 0x00000000a4900000, 0x00000000a4900000| Complete 
|  74|0x00000000a4a00000, 0x00000000a4a00000, 0x00000000a4b00000|  0%| F|  |TAMS 0x00000000a4a00000, 0x00000000a4a00000| Untracked 
|  75|0x00000000a4b00000, 0x00000000a4b00000, 0x00000000a4c00000|  0%| F|  |TAMS 0x00000000a4b00000, 0x00000000a4b00000| Untracked 
|  76|0x00000000a4c00000, 0x00000000a4c00000, 0x00000000a4d00000|  0%| F|  |TAMS 0x00000000a4c00000, 0x00000000a4c00000| Untracked 
|  77|0x00000000a4d00000, 0x00000000a4d00000, 0x00000000a4e00000|  0%| F|  |TAMS 0x00000000a4d00000, 0x00000000a4d00000| Untracked 
|  78|0x00000000a4e00000, 0x00000000a4e00000, 0x00000000a4f00000|  0%| F|  |TAMS 0x00000000a4e00000, 0x00000000a4e00000| Untracked 
|  79|0x00000000a4f00000, 0x00000000a4f00000, 0x00000000a5000000|  0%| F|  |TAMS 0x00000000a4f00000, 0x00000000a4f00000| Untracked 
|  80|0x00000000a5000000, 0x00000000a5000000, 0x00000000a5100000|  0%| F|  |TAMS 0x00000000a5000000, 0x00000000a5000000| Untracked 
|  81|0x00000000a5100000, 0x00000000a5100000, 0x00000000a5200000|  0%| F|  |TAMS 0x00000000a5100000, 0x00000000a5100000| Untracked 
|  82|0x00000000a5200000, 0x00000000a5200000, 0x00000000a5300000|  0%| F|  |TAMS 0x00000000a5200000, 0x00000000a5200000| Untracked 
|  83|0x00000000a5300000, 0x00000000a5300000, 0x00000000a5400000|  0%| F|  |TAMS 0x00000000a5300000, 0x00000000a5300000| Untracked 
|  84|0x00000000a5400000, 0x00000000a5400000, 0x00000000a5500000|  0%| F|  |TAMS 0x00000000a5400000, 0x00000000a5400000| Untracked 
|  85|0x00000000a5500000, 0x00000000a5500000, 0x00000000a5600000|  0%| F|  |TAMS 0x00000000a5500000, 0x00000000a5500000| Untracked 
|  86|0x00000000a5600000, 0x00000000a5600000, 0x00000000a5700000|  0%| F|  |TAMS 0x00000000a5600000, 0x00000000a5600000| Untracked 
|  87|0x00000000a5700000, 0x00000000a5700000, 0x00000000a5800000|  0%| F|  |TAMS 0x00000000a5700000, 0x00000000a5700000| Untracked 
|  88|0x00000000a5800000, 0x00000000a5800000, 0x00000000a5900000|  0%| F|  |TAMS 0x00000000a5800000, 0x00000000a5800000| Untracked 
|  89|0x00000000a5900000, 0x00000000a5900000, 0x00000000a5a00000|  0%| F|  |TAMS 0x00000000a5900000, 0x00000000a5900000| Untracked 
|  90|0x00000000a5a00000, 0x00000000a5a00000, 0x00000000a5b00000|  0%| F|  |TAMS 0x00000000a5a00000, 0x00000000a5a00000| Untracked 
|  91|0x00000000a5b00000, 0x00000000a5b00000, 0x00000000a5c00000|  0%| F|  |TAMS 0x00000000a5b00000, 0x00000000a5b00000| Untracked 
|  92|0x00000000a5c00000, 0x00000000a5c00000, 0x00000000a5d00000|  0%| F|  |TAMS 0x00000000a5c00000, 0x00000000a5c00000| Untracked 
|  93|0x00000000a5d00000, 0x00000000a5d00000, 0x00000000a5e00000|  0%| F|  |TAMS 0x00000000a5d00000, 0x00000000a5d00000| Untracked 
|  94|0x00000000a5e00000, 0x00000000a5e00000, 0x00000000a5f00000|  0%| F|  |TAMS 0x00000000a5e00000, 0x00000000a5e00000| Untracked 
|  95|0x00000000a5f00000, 0x00000000a5f00000, 0x00000000a6000000|  0%| F|  |TAMS 0x00000000a5f00000, 0x00000000a5f00000| Untracked 
|  96|0x00000000a6000000, 0x00000000a6000000, 0x00000000a6100000|  0%| F|  |TAMS 0x00000000a6000000, 0x00000000a6000000| Untracked 
|  97|0x00000000a6100000, 0x00000000a6100000, 0x00000000a6200000|  0%| F|  |TAMS 0x00000000a6100000, 0x00000000a6100000| Untracked 
|  98|0x00000000a6200000, 0x00000000a6200000, 0x00000000a6300000|  0%| F|  |TAMS 0x00000000a6200000, 0x00000000a6200000| Untracked 
|  99|0x00000000a6300000, 0x00000000a6300000, 0x00000000a6400000|  0%| F|  |TAMS 0x00000000a6300000, 0x00000000a6300000| Untracked 
| 100|0x00000000a6400000, 0x00000000a6400000, 0x00000000a6500000|  0%| F|  |TAMS 0x00000000a6400000, 0x00000000a6400000| Untracked 
| 101|0x00000000a6500000, 0x00000000a6500000, 0x00000000a6600000|  0%| F|  |TAMS 0x00000000a6500000, 0x00000000a6500000| Untracked 
| 102|0x00000000a6600000, 0x00000000a6600000, 0x00000000a6700000|  0%| F|  |TAMS 0x00000000a6600000, 0x00000000a6600000| Untracked 
| 103|0x00000000a6700000, 0x00000000a6700000, 0x00000000a6800000|  0%| F|  |TAMS 0x00000000a6700000, 0x00000000a6700000| Untracked 
| 104|0x00000000a6800000, 0x00000000a6800000, 0x00000000a6900000|  0%| F|  |TAMS 0x00000000a6800000, 0x00000000a6800000| Untracked 
| 105|0x00000000a6900000, 0x00000000a6900000, 0x00000000a6a00000|  0%| F|  |TAMS 0x00000000a6900000, 0x00000000a6900000| Untracked 
| 106|0x00000000a6a00000, 0x00000000a6a00000, 0x00000000a6b00000|  0%| F|  |TAMS 0x00000000a6a00000, 0x00000000a6a00000| Untracked 
| 107|0x00000000a6b00000, 0x00000000a6b00000, 0x00000000a6c00000|  0%| F|  |TAMS 0x00000000a6b00000, 0x00000000a6b00000| Untracked 
| 108|0x00000000a6c00000, 0x00000000a6c80800, 0x00000000a6d00000| 50%| E|  |TAMS 0x00000000a6c00000, 0x00000000a6c00000| Complete 
| 109|0x00000000a6d00000, 0x00000000a6e00000, 0x00000000a6e00000|100%| E|CS|TAMS 0x00000000a6d00000, 0x00000000a6d00000| Complete 
| 110|0x00000000a6e00000, 0x00000000a6f00000, 0x00000000a6f00000|100%| E|CS|TAMS 0x00000000a6e00000, 0x00000000a6e00000| Complete 
| 111|0x00000000a6f00000, 0x00000000a7000000, 0x00000000a7000000|100%| E|CS|TAMS 0x00000000a6f00000, 0x00000000a6f00000| Complete 
| 112|0x00000000a7000000, 0x00000000a7100000, 0x00000000a7100000|100%| E|CS|TAMS 0x00000000a7000000, 0x00000000a7000000| Complete 
| 113|0x00000000a7100000, 0x00000000a7200000, 0x00000000a7200000|100%| E|CS|TAMS 0x00000000a7100000, 0x00000000a7100000| Complete 
| 114|0x00000000a7200000, 0x00000000a7300000, 0x00000000a7300000|100%| E|CS|TAMS 0x00000000a7200000, 0x00000000a7200000| Complete 
| 115|0x00000000a7300000, 0x00000000a7400000, 0x00000000a7400000|100%| E|CS|TAMS 0x00000000a7300000, 0x00000000a7300000| Complete 

Card table byte_map: [0x000001c163940000,0x000001c163c40000] _byte_map_base: 0x000001c163440000

Marking Bits (Prev, Next): (CMBitMap*) 0x000001c150543170, (CMBitMap*) 0x000001c150543138
 Prev Bits: [0x000001c165740000, 0x000001c166f40000)
 Next Bits: [0x000001c163f40000, 0x000001c165740000)

Polling page: 0x000001c14ecf0000

Metaspace:

Usage:
  Non-class:     55.81 MB capacity,    54.95 MB ( 98%) used,   738.66 KB (  1%) free+waste,   138.00 KB ( <1%) overhead. 
      Class:      8.26 MB capacity,     7.78 MB ( 94%) used,   431.11 KB (  5%) free+waste,    63.81 KB ( <1%) overhead. 
       Both:     64.07 MB capacity,    62.73 MB ( 98%) used,     1.14 MB (  2%) free+waste,   201.81 KB ( <1%) overhead. 

Virtual space:
  Non-class space:       56.00 MB reserved,      56.00 MB (100%) committed 
      Class space:        1.00 GB reserved,       8.38 MB ( <1%) committed 
             Both:        1.05 GB reserved,      64.38 MB (  6%) committed 

Chunk freelists:
   Non-Class:  4.00 KB
       Class:  17.00 KB
        Both:  21.00 KB

MaxMetaspaceSize: 17179869184.00 GB
CompressedClassSpaceSize: 1.00 GB

CodeHeap 'non-profiled nmethods': size=120064Kb used=3309Kb max_used=3309Kb free=116754Kb
 bounds [0x000001c15bad0000, 0x000001c15be10000, 0x000001c163010000]
CodeHeap 'profiled nmethods': size=120000Kb used=14006Kb max_used=14006Kb free=105993Kb
 bounds [0x000001c1545a0000, 0x000001c155350000, 0x000001c15bad0000]
CodeHeap 'non-nmethods': size=5696Kb used=2256Kb max_used=2293Kb free=3439Kb
 bounds [0x000001c154010000, 0x000001c154280000, 0x000001c1545a0000]
 total_blobs=6915 nmethods=6068 adapters=759
 compilation: enabled
              stopped_count=0, restarted_count=0
 full_count=0

Compilation events (20 events):
Event: 33.972 Thread 0x000001c16958d000 nmethod 6060 0x000001c15532f290 code [0x000001c15532f460, 0x000001c15532f778]
Event: 33.989 Thread 0x000001c16958b800 nmethod 6052 0x000001c15be07210 code [0x000001c15be07400, 0x000001c15be07dc8]
Event: 33.989 Thread 0x000001c16958b800 6053       4       java.util.Arrays::binarySearch (10 bytes)
Event: 33.990 Thread 0x000001c16958b800 nmethod 6053 0x000001c15be08690 code [0x000001c15be08820, 0x000001c15be088a8]
Event: 33.991 Thread 0x000001c16958d000 6061       3       sun.management.Util::newObjectName (11 bytes)
Event: 33.997 Thread 0x000001c16958d000 nmethod 6061 0x000001c15532f890 code [0x000001c15532fdc0, 0x000001c155332dc8]
Event: 33.997 Thread 0x000001c16958d000 6062       3       java.lang.invoke.DelegatingMethodHandle$Holder::reinvoke_L (18 bytes)
Event: 33.997 Thread 0x000001c16958d000 nmethod 6062 0x000001c155334010 code [0x000001c1553341e0, 0x000001c1553346d8]
Event: 33.998 Thread 0x000001c16958d000 6063       3       org.gradle.internal.instantiation.generator.AsmBackedClassGenerator$ClassBuilderImpl$$Lambda$119/0x000000010028ac40::<init> (26 bytes)
Event: 33.999 Thread 0x000001c16958d000 nmethod 6063 0x000001c155334810 code [0x000001c1553349e0, 0x000001c155334cb8]
Event: 34.011 Thread 0x000001c16958d000 6064       3       org.gradle.internal.instantiation.generator.AsmBackedClassGenerator$ClassBuilderImpl::lambda$addLazyGetter$5 (131 bytes)
Event: 34.011 Thread 0x000001c16958b800 6065       4       org.objectweb.asm.Attribute::putAttributes (78 bytes)
Event: 34.012 Thread 0x000001c16958d000 nmethod 6064 0x000001c155334d90 code [0x000001c155335060, 0x000001c155335e18]
Event: 34.018 Thread 0x000001c16958d000 6066       3       org.gradle.internal.instantiation.generator.AbstractClassGenerator$InjectionAnnotationValidator::validateMethod (166 bytes)
Event: 34.020 Thread 0x000001c16958d000 nmethod 6066 0x000001c155336290 code [0x000001c155336620, 0x000001c155337ca8]
Event: 34.021 Thread 0x000001c16958d000 6067       1       org.gradle.internal.metaobject.BeanDynamicObject::access$500 (5 bytes)
Event: 34.021 Thread 0x000001c16958d000 nmethod 6067 0x000001c15be08990 code [0x000001c15be08b40, 0x000001c15be08bd8]
Event: 34.023 Thread 0x000001c16958b800 nmethod 6065 0x000001c15be08c90 code [0x000001c15be08ea0, 0x000001c15be09400]
Event: 34.056 Thread 0x000001c16958d000 6068   !   3       com.sun.jmx.mbeanserver.Introspector::descriptorForAnnotations (242 bytes)
Event: 34.059 Thread 0x000001c16958d000 nmethod 6068 0x000001c155338390 code [0x000001c1553387a0, 0x000001c15533a4b8]

GC Heap History (20 events):
Event: 9.129 GC heap before
{Heap before GC invocations=4 (full 0):
 garbage-first heap   total 118784K, used 35026K [0x00000000a0000000, 0x0000000100000000)
  region size 1024K, 24 young (24576K), 4 survivors (4096K)
 Metaspace       used 20622K, capacity 21069K, committed 21248K, reserved 1067008K
  class space    used 2527K, capacity 2691K, committed 2816K, reserved 1048576K
}
Event: 9.140 GC heap after
{Heap after GC invocations=5 (full 0):
 garbage-first heap   total 118784K, used 16081K [0x00000000a0000000, 0x0000000100000000)
  region size 1024K, 1 young (1024K), 1 survivors (1024K)
 Metaspace       used 20622K, capacity 21069K, committed 21248K, reserved 1067008K
  class space    used 2527K, capacity 2691K, committed 2816K, reserved 1048576K
}
Event: 10.851 GC heap before
{Heap before GC invocations=6 (full 0):
 garbage-first heap   total 118784K, used 61137K [0x00000000a0000000, 0x0000000100000000)
  region size 1024K, 45 young (46080K), 1 survivors (1024K)
 Metaspace       used 25522K, capacity 26086K, committed 26368K, reserved 1073152K
  class space    used 3308K, capacity 3515K, committed 3584K, reserved 1048576K
}
Event: 10.858 GC heap after
{Heap after GC invocations=7 (full 0):
 garbage-first heap   total 118784K, used 17801K [0x00000000a0000000, 0x0000000100000000)
  region size 1024K, 3 young (3072K), 3 survivors (3072K)
 Metaspace       used 25522K, capacity 26086K, committed 26368K, reserved 1073152K
  class space    used 3308K, capacity 3515K, committed 3584K, reserved 1048576K
}
Event: 13.450 GC heap before
{Heap before GC invocations=7 (full 0):
 garbage-first heap   total 118784K, used 67977K [0x00000000a0000000, 0x0000000100000000)
  region size 1024K, 52 young (53248K), 3 survivors (3072K)
 Metaspace       used 34332K, capacity 34997K, committed 35200K, reserved 1079296K
  class space    used 4444K, capacity 4699K, committed 4736K, reserved 1048576K
}
Event: 13.464 GC heap after
{Heap after GC invocations=8 (full 0):
 garbage-first heap   total 118784K, used 21041K [0x00000000a0000000, 0x0000000100000000)
  region size 1024K, 6 young (6144K), 6 survivors (6144K)
 Metaspace       used 34332K, capacity 34997K, committed 35200K, reserved 1079296K
  class space    used 4444K, capacity 4699K, committed 4736K, reserved 1048576K
}
Event: 13.746 GC heap before
{Heap before GC invocations=8 (full 0):
 garbage-first heap   total 118784K, used 30257K [0x00000000a0000000, 0x0000000100000000)
  region size 1024K, 14 young (14336K), 6 survivors (6144K)
 Metaspace       used 35094K, capacity 35739K, committed 35840K, reserved 1081344K
  class space    used 4514K, capacity 4775K, committed 4864K, reserved 1048576K
}
Event: 13.761 GC heap after
{Heap after GC invocations=9 (full 0):
 garbage-first heap   total 118784K, used 23862K [0x00000000a0000000, 0x0000000100000000)
  region size 1024K, 4 young (4096K), 4 survivors (4096K)
 Metaspace       used 35094K, capacity 35739K, committed 35840K, reserved 1081344K
  class space    used 4514K, capacity 4775K, committed 4864K, reserved 1048576K
}
Event: 16.072 GC heap before
{Heap before GC invocations=10 (full 0):
 garbage-first heap   total 118784K, used 76086K [0x00000000a0000000, 0x0000000100000000)
  region size 1024K, 54 young (55296K), 4 survivors (4096K)
 Metaspace       used 39856K, capacity 40600K, committed 40704K, reserved 1085440K
  class space    used 5067K, capacity 5344K, committed 5376K, reserved 1048576K
}
Event: 16.099 GC heap after
{Heap after GC invocations=11 (full 0):
 garbage-first heap   total 118784K, used 25134K [0x00000000a0000000, 0x0000000100000000)
  region size 1024K, 5 young (5120K), 5 survivors (5120K)
 Metaspace       used 39856K, capacity 40600K, committed 40704K, reserved 1085440K
  class space    used 5067K, capacity 5344K, committed 5376K, reserved 1048576K
}
Event: 18.340 GC heap before
{Heap before GC invocations=12 (full 0):
 garbage-first heap   total 118784K, used 76334K [0x00000000a0000000, 0x0000000100000000)
  region size 1024K, 55 young (56320K), 5 survivors (5120K)
 Metaspace       used 43890K, capacity 44902K, committed 44928K, reserved 1087488K
  class space    used 5620K, capacity 5994K, committed 6016K, reserved 1048576K
}
Event: 18.354 GC heap after
{Heap after GC invocations=13 (full 0):
 garbage-first heap   total 118784K, used 27423K [0x00000000a0000000, 0x0000000100000000)
  region size 1024K, 6 young (6144K), 6 survivors (6144K)
 Metaspace       used 43890K, capacity 44902K, committed 44928K, reserved 1087488K
  class space    used 5620K, capacity 5994K, committed 6016K, reserved 1048576K
}
Event: 27.155 GC heap before
{Heap before GC invocations=13 (full 0):
 garbage-first heap   total 118784K, used 86815K [0x00000000a0000000, 0x0000000100000000)
  region size 1024K, 58 young (59392K), 6 survivors (6144K)
 Metaspace       used 46916K, capacity 47940K, committed 48128K, reserved 1091584K
  class space    used 5900K, capacity 6276K, committed 6400K, reserved 1048576K
}
Event: 27.177 GC heap after
{Heap after GC invocations=14 (full 0):
 garbage-first heap   total 118784K, used 43169K [0x00000000a0000000, 0x0000000100000000)
  region size 1024K, 8 young (8192K), 8 survivors (8192K)
 Metaspace       used 46916K, capacity 47940K, committed 48128K, reserved 1091584K
  class space    used 5900K, capacity 6276K, committed 6400K, reserved 1048576K
}
Event: 29.182 GC heap before
{Heap before GC invocations=14 (full 0):
 garbage-first heap   total 118784K, used 87201K [0x00000000a0000000, 0x0000000100000000)
  region size 1024K, 51 young (52224K), 8 survivors (8192K)
 Metaspace       used 52259K, capacity 53453K, committed 53632K, reserved 1095680K
  class space    used 6533K, capacity 6962K, committed 7040K, reserved 1048576K
}
Event: 29.197 GC heap after
{Heap after GC invocations=15 (full 0):
 garbage-first heap   total 118784K, used 45928K [0x00000000a0000000, 0x0000000100000000)
  region size 1024K, 2 young (2048K), 2 survivors (2048K)
 Metaspace       used 52259K, capacity 53453K, committed 53632K, reserved 1095680K
  class space    used 6533K, capacity 6962K, committed 7040K, reserved 1048576K
}
Event: 31.135 GC heap before
{Heap before GC invocations=15 (full 0):
 garbage-first heap   total 118784K, used 89960K [0x00000000a0000000, 0x0000000100000000)
  region size 1024K, 45 young (46080K), 2 survivors (2048K)
 Metaspace       used 57805K, capacity 59065K, committed 59136K, reserved 1101824K
  class space    used 7205K, capacity 7677K, committed 7680K, reserved 1048576K
}
Event: 31.146 GC heap after
{Heap after GC invocations=16 (full 0):
 garbage-first heap   total 118784K, used 48763K [0x00000000a0000000, 0x0000000100000000)
  region size 1024K, 5 young (5120K), 5 survivors (5120K)
 Metaspace       used 57805K, capacity 59065K, committed 59136K, reserved 1101824K
  class space    used 7205K, capacity 7677K, committed 7680K, reserved 1048576K
}
Event: 33.921 GC heap before
{Heap before GC invocations=16 (full 0):
 garbage-first heap   total 118784K, used 92795K [0x00000000a0000000, 0x0000000100000000)
  region size 1024K, 47 young (48128K), 5 survivors (5120K)
 Metaspace       used 63637K, capacity 65004K, committed 65280K, reserved 1105920K
  class space    used 7878K, capacity 8390K, committed 8448K, reserved 1048576K
}
Event: 33.934 GC heap after
{Heap after GC invocations=17 (full 0):
 garbage-first heap   total 118784K, used 51224K [0x00000000a0000000, 0x0000000100000000)
  region size 1024K, 6 young (6144K), 6 survivors (6144K)
 Metaspace       used 63637K, capacity 65004K, committed 65280K, reserved 1105920K
  class space    used 7878K, capacity 8390K, committed 8448K, reserved 1048576K
}

Deoptimization events (20 events):
Event: 33.899 Thread 0x000001c16b211000 DEOPT PACKING pc=0x000001c154aee191 sp=0x000000bdc61f34a0
Event: 33.899 Thread 0x000001c16b211000 DEOPT UNPACKING pc=0x000001c154036dde sp=0x000000bdc61f2980 mode 0
Event: 33.900 Thread 0x000001c16b211000 DEOPT PACKING pc=0x000001c15498ec16 sp=0x000000bdc61f3450
Event: 33.900 Thread 0x000001c16b211000 DEOPT UNPACKING pc=0x000001c154036dde sp=0x000000bdc61f2990 mode 0
Event: 33.900 Thread 0x000001c16b211000 DEOPT PACKING pc=0x000001c154aee191 sp=0x000000bdc61f34a0
Event: 33.900 Thread 0x000001c16b211000 DEOPT UNPACKING pc=0x000001c154036dde sp=0x000000bdc61f2980 mode 0
Event: 33.906 Thread 0x000001c16b211000 DEOPT PACKING pc=0x000001c15498ec16 sp=0x000000bdc61f3480
Event: 33.906 Thread 0x000001c16b211000 DEOPT UNPACKING pc=0x000001c154036dde sp=0x000000bdc61f2998 mode 0
Event: 33.909 Thread 0x000001c16b211000 Uncommon trap: trap_request=0xffffff4d fr.pc=0x000001c15bb6951c relative=0x00000000000005dc
Event: 33.909 Thread 0x000001c16b211000 Uncommon trap: reason=unstable_if action=reinterpret pc=0x000001c15bb6951c method=java.lang.String.replace(CC)Ljava/lang/String; @ 2 c2
Event: 33.909 Thread 0x000001c16b211000 DEOPT PACKING pc=0x000001c15bb6951c sp=0x000000bdc61f35b0
Event: 33.909 Thread 0x000001c16b211000 DEOPT UNPACKING pc=0x000001c15403662f sp=0x000000bdc61f3560 mode 2
Event: 33.913 Thread 0x000001c16b211000 Uncommon trap: trap_request=0xffffff4d fr.pc=0x000001c15bc2847c relative=0x00000000000013bc
Event: 33.914 Thread 0x000001c16b211000 Uncommon trap: reason=unstable_if action=reinterpret pc=0x000001c15bc2847c method=java.lang.ClassValue.match(Ljava/lang/ClassValue$Entry;)Z @ 12 c2
Event: 33.914 Thread 0x000001c16b211000 DEOPT PACKING pc=0x000001c15bc2847c sp=0x000000bdc61f2eb0
Event: 33.914 Thread 0x000001c16b211000 DEOPT UNPACKING pc=0x000001c15403662f sp=0x000000bdc61f2c88 mode 2
Event: 33.918 Thread 0x000001c16b211000 Uncommon trap: trap_request=0xffffff4d fr.pc=0x000001c15bc4d268 relative=0x0000000000005648
Event: 33.918 Thread 0x000001c16b211000 Uncommon trap: reason=unstable_if action=reinterpret pc=0x000001c15bc4d268 method=groovy.lang.MetaClassImpl$1MOPIter.methodNameAction(Ljava/lang/Class;Lorg/codehaus/groovy/runtime/metaclass/MetaMethodIndex$Entry;)V @ 182 c2
Event: 33.918 Thread 0x000001c16b211000 DEOPT PACKING pc=0x000001c15bc4d268 sp=0x000000bdc61f3280
Event: 33.918 Thread 0x000001c16b211000 DEOPT UNPACKING pc=0x000001c15403662f sp=0x000000bdc61f3278 mode 2

Classes redefined (0 events):
No events

Internal exceptions (20 events):
Event: 28.811 Thread 0x000001c16b211000 Exception <a 'java/lang/NoSuchMethodError'{0x00000000a5623500}: 'java.lang.Object java.lang.invoke.DirectMethodHandle$Holder.invokeSpecial(java.lang.Object, java.lang.Object, java.lang.Object, java.lang.Object, java.lang.Object, int)'> (0x00000000a5623500) thrown at [./src/hotspot/share/interpreter/linkResolver.cpp, line 773]
Event: 28.811 Thread 0x000001c16b211000 Exception <a 'java/lang/NoSuchMethodError'{0x00000000a56285e0}: 'java.lang.Object java.lang.invoke.Invokers$Holder.linkToTargetMethod(java.lang.Object, java.lang.Object, java.lang.Object, int, java.lang.Object)'> (0x00000000a56285e0) thrown at [./src/hotspot/share/interpreter/linkResolver.cpp, line 773]
Event: 29.354 Thread 0x000001c16b211000 Exception <a 'java/lang/IncompatibleClassChangeError'{0x00000000a70d32f0}: Found class java.lang.Object, but interface was expected> (0x00000000a70d32f0) thrown at [./src/hotspot/share/interpreter/linkResolver.cpp, line 839]
Event: 29.825 Thread 0x000001c16b211000 Exception <a 'java/lang/NoSuchMethodError'{0x00000000a641b9d0}: 'void java.lang.invoke.DirectMethodHandle$Holder.invokeInterface(java.lang.Object, java.lang.Object, java.lang.Object, java.lang.Object)'> (0x00000000a641b9d0) thrown at [./src/hotspot/share/interpreter/linkResolver.cpp, line 773]
Event: 30.205 Thread 0x000001c16b211000 Implicit null exception at 0x000001c15bd5cbd4 to 0x000001c15bd5cd4c
Event: 30.513 Thread 0x000001c16b211000 Implicit null exception at 0x000001c15bc25a8b to 0x000001c15bc25b64
Event: 33.141 Thread 0x000001c16b211000 Exception <a 'java/lang/NoSuchMethodError'{0x00000000a529a988}: 'java.lang.Object java.lang.invoke.DirectMethodHandle$Holder.invokeSpecial(java.lang.Object, java.lang.Object, int, int, java.lang.Object, java.lang.Object, java.lang.Object)'> (0x00000000a529a988) thrown at [./src/hotspot/share/interpreter/linkResolver.cpp, line 773]
Event: 33.141 Thread 0x000001c16b211000 Exception <a 'java/lang/NoSuchMethodError'{0x00000000a529f9a8}: 'java.lang.Object java.lang.invoke.DelegatingMethodHandle$Holder.reinvoke_L(java.lang.Object, int, int, java.lang.Object, java.lang.Object, java.lang.Object)'> (0x00000000a529f9a8) thrown at [./src/hotspot/share/interpreter/linkResolver.cpp, line 773]
Event: 33.552 Thread 0x000001c16b211000 Exception <a 'java/lang/NoSuchMethodError'{0x00000000a4fe3708}: 'int java.lang.invoke.DirectMethodHandle$Holder.invokeInterface(java.lang.Object, java.lang.Object, java.lang.Object, java.lang.Object)'> (0x00000000a4fe3708) thrown at [./src/hotspot/share/interpreter/linkResolver.cpp, line 773]
Event: 33.839 Thread 0x000001c16b211000 Exception <a 'java/lang/IncompatibleClassChangeError'{0x00000000a4b414b0}: Found class java.lang.Object, but interface was expected> (0x00000000a4b414b0) thrown at [./src/hotspot/share/interpreter/linkResolver.cpp, line 839]
Event: 33.939 Thread 0x000001c16b211000 Exception <a 'java/lang/ClassNotFoundException'{0x00000000a7332a60}: org/gradle/api/internal/project/DefaultAntBuilderBeanInfo> (0x00000000a7332a60) thrown at [./src/hotspot/share/classfile/systemDictionary.cpp, line 231]
Event: 33.941 Thread 0x000001c16b211000 Exception <a 'java/lang/ClassNotFoundException'{0x00000000a7362110}: org/gradle/api/internal/project/ant/BasicAntBuilderBeanInfo> (0x00000000a7362110) thrown at [./src/hotspot/share/classfile/systemDictionary.cpp, line 231]
Event: 33.942 Thread 0x000001c16b211000 Exception <a 'java/lang/ClassNotFoundException'{0x00000000a738a388}: org/gradle/api/AntBuilderBeanInfo> (0x00000000a738a388) thrown at [./src/hotspot/share/classfile/systemDictionary.cpp, line 231]
Event: 33.944 Thread 0x000001c16b211000 Exception <a 'java/lang/ClassNotFoundException'{0x00000000a73b2a60}: groovy/util/AntBuilderBeanInfo> (0x00000000a73b2a60) thrown at [./src/hotspot/share/classfile/systemDictionary.cpp, line 231]
Event: 33.945 Thread 0x000001c16b211000 Exception <a 'java/lang/ClassNotFoundException'{0x00000000a73dcbf8}: groovy/util/BuilderSupportBeanInfo> (0x00000000a73dcbf8) thrown at [./src/hotspot/share/classfile/systemDictionary.cpp, line 231]
Event: 33.947 Thread 0x000001c16b211000 Exception <a 'java/lang/ClassNotFoundException'{0x00000000a7207778}: groovy/util/BuilderSupportCustomizer> (0x00000000a7207778) thrown at [./src/hotspot/share/classfile/systemDictionary.cpp, line 231]
Event: 33.949 Thread 0x000001c16b211000 Exception <a 'java/lang/ClassNotFoundException'{0x00000000a72322c8}: groovy/util/AntBuilderCustomizer> (0x00000000a72322c8) thrown at [./src/hotspot/share/classfile/systemDictionary.cpp, line 231]
Event: 33.953 Thread 0x000001c16b211000 Exception <a 'java/lang/ClassNotFoundException'{0x00000000a7260958}: org/gradle/api/AntBuilderCustomizer> (0x00000000a7260958) thrown at [./src/hotspot/share/classfile/systemDictionary.cpp, line 231]
Event: 33.955 Thread 0x000001c16b211000 Exception <a 'java/lang/ClassNotFoundException'{0x00000000a72993e0}: org/gradle/api/internal/project/ant/BasicAntBuilderCustomizer> (0x00000000a72993e0) thrown at [./src/hotspot/share/classfile/systemDictionary.cpp, line 231]
Event: 33.958 Thread 0x000001c16b211000 Exception <a 'java/lang/ClassNotFoundException'{0x00000000a72d7fe8}: org/gradle/api/internal/project/DefaultAntBuilderCustomizer> (0x00000000a72d7fe8) thrown at [./src/hotspot/share/classfile/systemDictionary.cpp, line 231]

Events (20 events):
Event: 34.051 loading class org/jetbrains/kotlin/statistics/metrics/NumberOverridePolicy$AVERAGE
Event: 34.051 loading class org/jetbrains/kotlin/statistics/metrics/NumberOverridePolicy$AVERAGE done
Event: 34.052 loading class org/jetbrains/kotlin/statistics/metrics/NumberAnonymizationPolicy
Event: 34.052 loading class org/jetbrains/kotlin/statistics/metrics/NumberAnonymizationPolicy done
Event: 34.053 loading class org/jetbrains/kotlin/statistics/metrics/NumberAnonymizationPolicy$SAFE
Event: 34.053 loading class org/jetbrains/kotlin/statistics/metrics/NumberAnonymizationPolicy$SAFE done
Event: 34.053 loading class org/jetbrains/kotlin/statistics/metrics/NumberAnonymizationPolicy$RANDOM_10_PERCENT
Event: 34.053 loading class org/jetbrains/kotlin/statistics/metrics/NumberAnonymizationPolicy$RANDOM_10_PERCENT done
Event: 34.054 loading class org/jetbrains/kotlin/statistics/metrics/NumberAnonymizationPolicy$RANDOM_01_PERCENT
Event: 34.054 loading class org/jetbrains/kotlin/statistics/metrics/NumberAnonymizationPolicy$RANDOM_01_PERCENT done
Event: 34.059 loading class org/jetbrains/kotlin/gradle/utils/ConfigurationCacheKt
Event: 34.059 loading class org/jetbrains/kotlin/gradle/utils/ConfigurationCacheKt done
Event: 34.061 loading class org/gradle/BuildListener
Event: 34.061 loading class org/gradle/BuildListener done
Event: 34.061 loading class org/gradle/BuildResult
Event: 34.061 loading class org/gradle/BuildResult done
Event: 34.061 loading class org/apache/commons/lang/ClassUtils
Event: 34.061 loading class org/apache/commons/lang/ClassUtils done
Event: 34.064 loading class org/apache/commons/lang/NullArgumentException
Event: 34.064 loading class org/apache/commons/lang/NullArgumentException done


Dynamic libraries:
0x00007ff669fa0000 - 0x00007ff669faa000 	C:\ANDROID STUDIO\jre\bin\java.exe
0x00007ffdf6f10000 - 0x00007ffdf7105000 	C:\Windows\SYSTEM32\ntdll.dll
0x00007ffdf5b70000 - 0x00007ffdf5c2e000 	C:\Windows\System32\KERNEL32.DLL
0x00007ffdf46c0000 - 0x00007ffdf4988000 	C:\Windows\System32\KERNELBASE.dll
0x00007ffdf4b90000 - 0x00007ffdf4c90000 	C:\Windows\System32\ucrtbase.dll
0x00007ffdd5140000 - 0x00007ffdd5159000 	C:\ANDROID STUDIO\jre\bin\jli.dll
0x00007ffdf66e0000 - 0x00007ffdf6880000 	C:\Windows\System32\USER32.dll
0x00007ffdf4c90000 - 0x00007ffdf4cb2000 	C:\Windows\System32\win32u.dll
0x00007ffdf5a70000 - 0x00007ffdf5a9a000 	C:\Windows\System32\GDI32.dll
0x00007ffdf4d70000 - 0x00007ffdf4e7b000 	C:\Windows\System32\gdi32full.dll
0x00007ffdf4ed0000 - 0x00007ffdf4f6d000 	C:\Windows\System32\msvcp_win.dll
0x00007ffdc6d10000 - 0x00007ffdc6d27000 	C:\ANDROID STUDIO\jre\bin\VCRUNTIME140.dll
0x00007ffde64f0000 - 0x00007ffde678a000 	C:\Windows\WinSxS\amd64_microsoft.windows.common-controls_6595b64144ccf1df_6.0.19041.1110_none_60b5254171f9507e\COMCTL32.dll
0x00007ffdf6d10000 - 0x00007ffdf6dae000 	C:\Windows\System32\msvcrt.dll
0x00007ffdf6ce0000 - 0x00007ffdf6d10000 	C:\Windows\System32\IMM32.DLL
0x00007ffdc4310000 - 0x00007ffdc43ad000 	C:\ANDROID STUDIO\jre\bin\msvcp140.dll
0x00007ffdc7560000 - 0x00007ffdc8035000 	C:\ANDROID STUDIO\jre\bin\server\jvm.dll
0x00007ffdf5e20000 - 0x00007ffdf5ece000 	C:\Windows\System32\ADVAPI32.dll
0x00007ffdf6640000 - 0x00007ffdf66dc000 	C:\Windows\System32\sechost.dll
0x00007ffdf6b50000 - 0x00007ffdf6c75000 	C:\Windows\System32\RPCRT4.dll
0x00007ffdf53e0000 - 0x00007ffdf53e8000 	C:\Windows\System32\PSAPI.DLL
0x00007ffdc7550000 - 0x00007ffdc7559000 	C:\Windows\SYSTEM32\WSOCK32.dll
0x00007ffdf5aa0000 - 0x00007ffdf5b0b000 	C:\Windows\System32\WS2_32.dll
0x00007ffde69f0000 - 0x00007ffde6a17000 	C:\Windows\SYSTEM32\WINMM.dll
0x00007ffdeb290000 - 0x00007ffdeb29a000 	C:\Windows\SYSTEM32\VERSION.dll
0x00007ffdf2550000 - 0x00007ffdf2562000 	C:\Windows\SYSTEM32\kernel.appcore.dll
0x00007ffdc7530000 - 0x00007ffdc7541000 	C:\ANDROID STUDIO\jre\bin\verify.dll
0x00007ffde6eb0000 - 0x00007ffde7094000 	C:\Windows\SYSTEM32\DBGHELP.DLL
0x00007ffde6e60000 - 0x00007ffde6e8c000 	C:\Windows\SYSTEM32\dbgcore.DLL
0x00007ffdf4630000 - 0x00007ffdf46b2000 	C:\Windows\System32\bcryptPrimitives.dll
0x00007ffdc7500000 - 0x00007ffdc7529000 	C:\ANDROID STUDIO\jre\bin\java.dll
0x00007ffdc74f0000 - 0x00007ffdc74fb000 	C:\ANDROID STUDIO\jre\bin\jimage.dll
0x00007ffdc74d0000 - 0x00007ffdc74e8000 	C:\ANDROID STUDIO\jre\bin\zip.dll
0x00007ffdf5ef0000 - 0x00007ffdf6634000 	C:\Windows\System32\SHELL32.dll
0x00007ffdf2750000 - 0x00007ffdf2ee4000 	C:\Windows\SYSTEM32\windows.storage.dll
0x00007ffdf5680000 - 0x00007ffdf59d4000 	C:\Windows\System32\combase.dll
0x00007ffdf40a0000 - 0x00007ffdf40cc000 	C:\Windows\SYSTEM32\Wldp.dll
0x00007ffdf6db0000 - 0x00007ffdf6e5d000 	C:\Windows\System32\SHCORE.dll
0x00007ffdf6c80000 - 0x00007ffdf6cd5000 	C:\Windows\System32\shlwapi.dll
0x00007ffdf4570000 - 0x00007ffdf458f000 	C:\Windows\SYSTEM32\profapi.dll
0x00007ffdc74b0000 - 0x00007ffdc74ca000 	C:\ANDROID STUDIO\jre\bin\net.dll
0x00007ffde9c70000 - 0x00007ffde9d7a000 	C:\Windows\SYSTEM32\WINHTTP.dll
0x00007ffdf3e00000 - 0x00007ffdf3e6a000 	C:\Windows\system32\mswsock.dll
0x00007ffdc7490000 - 0x00007ffdc74a4000 	C:\ANDROID STUDIO\jre\bin\nio.dll
0x00007ffdc6ce0000 - 0x00007ffdc6d06000 	C:\Users\SARDOR\.gradle\native\fdc75f09e3144964f2cf3f50f0aa648679c211496f362492102eb8c894070792\windows-amd64\native-platform.dll
0x00007ffdc0f20000 - 0x00007ffdc10b1000 	C:\Users\SARDOR\.gradle\native\12488b8bf47d2d4c9fbf2f6322a914ad602e24e48041cd04a747c6da556b65c4\windows-amd64\native-platform-file-events.dll
0x00007ffdc7070000 - 0x00007ffdc707a000 	C:\ANDROID STUDIO\jre\bin\management.dll
0x00007ffdc7060000 - 0x00007ffdc706d000 	C:\ANDROID STUDIO\jre\bin\management_ext.dll
0x00007ffdf3ff0000 - 0x00007ffdf4008000 	C:\Windows\SYSTEM32\CRYPTSP.dll
0x00007ffdf3710000 - 0x00007ffdf3744000 	C:\Windows\system32\rsaenh.dll
0x00007ffdf4a00000 - 0x00007ffdf4a27000 	C:\Windows\System32\bcrypt.dll
0x00007ffdf4530000 - 0x00007ffdf455e000 	C:\Windows\SYSTEM32\USERENV.dll
0x00007ffdf4010000 - 0x00007ffdf401c000 	C:\Windows\SYSTEM32\CRYPTBASE.dll
0x00007ffdf3aa0000 - 0x00007ffdf3adb000 	C:\Windows\SYSTEM32\IPHLPAPI.DLL
0x00007ffdf6ec0000 - 0x00007ffdf6ec8000 	C:\Windows\System32\NSI.dll
0x00007ffdebaf0000 - 0x00007ffdebb07000 	C:\Windows\SYSTEM32\dhcpcsvc6.DLL
0x00007ffdebcf0000 - 0x00007ffdebd0d000 	C:\Windows\SYSTEM32\dhcpcsvc.DLL
0x00007ffdf3af0000 - 0x00007ffdf3bbb000 	C:\Windows\SYSTEM32\DNSAPI.dll
0x00007ffded0c0000 - 0x00007ffded0cb000 	C:\Windows\SYSTEM32\WINNSI.DLL

dbghelp: loaded successfully - version: 4.0.5 - missing functions: none
symbol engine: initialized successfully - sym options: 0x614 - pdb path: .;C:\ANDROID STUDIO\jre\bin;C:\Windows\SYSTEM32;C:\Windows\WinSxS\amd64_microsoft.windows.common-controls_6595b64144ccf1df_6.0.19041.1110_none_60b5254171f9507e;C:\ANDROID STUDIO\jre\bin\server;C:\Users\SARDOR\.gradle\native\fdc75f09e3144964f2cf3f50f0aa648679c211496f362492102eb8c894070792\windows-amd64;C:\Users\SARDOR\.gradle\native\12488b8bf47d2d4c9fbf2f6322a914ad602e24e48041cd04a747c6da556b65c4\windows-amd64

VM Arguments:
jvm_args: --add-opens=java.base/java.util=ALL-UNNAMED --add-opens=java.base/java.lang=ALL-UNNAMED --add-opens=java.base/java.lang.invoke=ALL-UNNAMED --add-opens=java.prefs/java.util.prefs=ALL-UNNAMED -Xmx1536M -Dfile.encoding=windows-1252 -Duser.country=US -Duser.language=en -Duser.variant 
java_command: org.gradle.launcher.daemon.bootstrap.GradleDaemon 6.7
java_class_path (initial): C:\Users\SARDOR\.gradle\wrapper\dists\gradle-6.7-all\cuy9mc7upwgwgeb72wkcrupxe\gradle-6.7\lib\gradle-launcher-6.7.jar
Launcher Type: SUN_STANDARD

[Global flags]
     intx CICompilerCount                          = 3                                         {product} {ergonomic}
     uint ConcGCThreads                            = 1                                         {product} {ergonomic}
     uint G1ConcRefinementThreads                  = 4                                         {product} {ergonomic}
   size_t G1HeapRegionSize                         = 1048576                                   {product} {ergonomic}
    uintx GCDrainStackTargetSize                   = 64                                        {product} {ergonomic}
   size_t InitialHeapSize                          = 121634816                                 {product} {ergonomic}
   size_t MarkStackSize                            = 4194304                                   {product} {ergonomic}
   size_t MaxHeapSize                              = 1610612736                                {product} {command line}
   size_t MaxNewSize                               = 965738496                                 {product} {ergonomic}
   size_t MinHeapDeltaBytes                        = 1048576                                   {product} {ergonomic}
    uintx NonNMethodCodeHeapSize                   = 5830732                                {pd product} {ergonomic}
    uintx NonProfiledCodeHeapSize                  = 122913754                              {pd product} {ergonomic}
    uintx ProfiledCodeHeapSize                     = 122913754                              {pd product} {ergonomic}
    uintx ReservedCodeCacheSize                    = 251658240                              {pd product} {ergonomic}
     bool SegmentedCodeCache                       = true                                      {product} {ergonomic}
     bool UseCompressedClassPointers               = true                                 {lp64_product} {ergonomic}
     bool UseCompressedOops                        = true                                 {lp64_product} {ergonomic}
     bool UseG1GC                                  = true                                      {product} {ergonomic}
     bool UseLargePagesIndividualAllocation        = false                                  {pd product} {ergonomic}

Logging:
Log output configuration:
 #0: stdout all=warning uptime,level,tags
 #1: stderr all=off uptime,level,tags

Environment Variables:
JAVA_HOME=C:\ANDROID STUDIO\jre
CLASSPATH=C:\8-modul\scoped_model_pattern\android\\gradle\wrapper\gradle-wrapper.jar
PATH=C:\Program Files (x86)\Common Files\Oracle\Java\javapath;C:\Windows\system32;C:\Windows;C:\Windows\System32\Wbem;C:\Windows\System32\WindowsPowerShell\v1.0\;C:\Windows\System32\OpenSSH\;C:\Program Files\Git\cmd;C:\Program Files\dotnet\;C:\Users\SARDOR\AppData\Local\Microsoft\WindowsApps;C:\VS Code\Microsoft VS Code\bin;C:\flutter\bin;C:\Program Files\JetBrains\IntelliJ IDEA 2021.3.2\bin;;C:\Program Files\Java\jdk1.8.0_301\bin;C:\Users\SARDOR\AppData\Local\Programs\MiKTeX\miktex\bin\x64\;C:\flutter\bin\mingit\cmd
USERNAME=SARDOR
OS=Windows_NT
PROCESSOR_IDENTIFIER=AMD64 Family 21 Model 19 Stepping 1, AuthenticAMD



---------------  S Y S T E M  ---------------

OS: Windows 10 , 64 bit Build 19041 (10.0.19041.1645)
OS uptime: 0 days 14:59 hours

CPU:total 4 (initial active 4) (4 cores per cpu, 1 threads per core) family 21 model 19 stepping 1 microcode 0x0, cmov, cx8, fxsr, mmx, sse, sse2, sse3, ssse3, sse4.1, sse4.2, popcnt, avx, aes, clmul, mmxext, 3dnowpref, lzcnt, sse4a, tsc, tscinvbit, tscinv, bmi1, fma

Memory: 4k page, system-wide physical 7358M (690M free)
TotalPageFile size 15550M (AvailPageFile size 5M)
current process WorkingSet (physical memory assigned to process): 300M, peak: 300M
current process commit charge ("private bytes"): 340M, peak: 341M

vm_info: OpenJDK 64-Bit Server VM (11.0.11+9-b60-7590822) for windows-amd64 JRE (11.0.11+9-b60-7590822), built on Jul 29 2021 21:43:44 by "builder" with MS VC++ 14.0 (VS2015)

END.
