#
# There is insufficient memory for the Java Runtime Environment to continue.
# Native memory allocation (malloc) failed to allocate 8248 bytes for AllocateHeap
# Possible reasons:
#   The process is running with CompressedOops enabled, and the Java Heap may be blocking the growth of the native heap
# Possible solutions:
#   Reduce memory load on the system
#   Increase physical memory or swap space
#   Check if swap backing store is full
#   Decrease Java heap size (-Xmx/-Xms)
#   Decrease number of Java threads
#   Decrease Java thread stack sizes (-Xss)
# This output file may be truncated or incomplete.
#
#  Out of Memory Error (./src/hotspot/share/memory/allocation.cpp:46), pid=3480, tid=4200
#
# JRE version: OpenJDK Runtime Environment (11.0.11+9) (build 11.0.11+9-b60-7590822)
# Java VM: OpenJDK 64-Bit Server VM (11.0.11+9-b60-7590822, mixed mode, tiered, compressed oops, g1 gc, windows-amd64)
# No core dump will be written. Minidumps are not enabled by default on client versions of Windows
#

---------------  S U M M A R Y ------------

Command Line: -Dorg.gradle.appname=gradlew org.gradle.wrapper.GradleWrapperMain -q -Ptarget-platform=android-x86 -Ptarget=C:\8-modul\scoped_model_pattern\lib\main.dart -Pbase-application-name=android.app.Application -Pdart-defines=Zmx1dHRlci5pbnNwZWN0b3Iuc3RydWN0dXJlZEVycm9ycz10cnVl,RkxVVFRFUl9XRUJfQVVUT19ERVRFQ1Q9dHJ1ZQ== -Pdart-obfuscation=false -Ptrack-widget-creation=true -Ptree-shake-icons=false -Pfilesystem-scheme=org-dartlang-root assembleDebug

Host: AMD A8-5550M APU with Radeon(tm) HD Graphics   , 4 cores, 7G,  Windows 10 , 64 bit Build 19041 (10.0.19041.1645)
Time: Sat Apr 30 00:16:45 2022 West Asia Standard Time elapsed time: 9.619561 seconds (0d 0h 0m 9s)

---------------  T H R E A D  ---------------

Current thread (0x000001a21ec53000):  JavaThread "Forward input" [_thread_in_vm, id=4200, stack(0x0000008b34400000,0x0000008b34500000)]

Stack: [0x0000008b34400000,0x0000008b34500000]
[error occurred during error reporting (printing stack bounds), id 0xc0000005, EXCEPTION_ACCESS_VIOLATION (0xc0000005) at pc=0x000001a2071f0f2d]

Native frames: (J=compiled Java code, j=interpreted, Vv=VM code, C=native code)
V  [jvm.dll+0x5f214a]
V  [jvm.dll+0x726fb5]
V  [jvm.dll+0x7285cd]
V  [jvm.dll+0x728be5]
V  [jvm.dll+0x728b9b]
V  [jvm.dll+0x5f14e8]
V  [jvm.dll+0x5f1c78]
C  [ntdll.dll+0xa20cf]
C  [ntdll.dll+0x51454]
C  [ntdll.dll+0xa0bfe]
C  0x000001a2071f0f2d


---------------  P R O C E S S  ---------------

Threads class SMR info:
_java_thread_list=0x000001a21ea3b250, length=12, elements={
0x000001a201edc800, 0x000001a21d22c800, 0x000001a21d257000, 0x000001a21d269000,
0x000001a21d26c000, 0x000001a21d26f000, 0x000001a21d274000, 0x000001a21d276800,
0x000001a21d277800, 0x000001a21dd29800, 0x000001a21e655800, 0x000001a21ec2a000
}
_to_delete_list=0x000001a21ec283a0, length=13, elements={
0x000001a201edc800, 0x000001a21d22c800, 0x000001a21d257000, 0x000001a21d269000,
0x000001a21d26c000, 0x000001a21d26f000, 0x000001a21d274000, 0x000001a21d276800,
0x000001a21d277800, 0x000001a21dd29800, 0x000001a21e655800, 0x000001a21ec2a000,
0x000001a21ec53000
}

Java Threads: ( => current thread )
  0x000001a201edc800 JavaThread "main" [_thread_in_vm, id=5392, stack(0x0000008b32900000,0x0000008b32a00000)]
  0x000001a21d22c800 JavaThread "Reference Handler" daemon [_thread_blocked, id=6988, stack(0x0000008b33000000,0x0000008b33100000)]
  0x000001a21d257000 JavaThread "Finalizer" daemon [_thread_blocked, id=11852, stack(0x0000008b33100000,0x0000008b33200000)]
  0x000001a21d269000 JavaThread "Signal Dispatcher" daemon [_thread_blocked, id=12896, stack(0x0000008b33300000,0x0000008b33400000)]
  0x000001a21d26c000 JavaThread "Attach Listener" daemon [_thread_blocked, id=3732, stack(0x0000008b33400000,0x0000008b33500000)]
  0x000001a21d26f000 JavaThread "Service Thread" daemon [_thread_blocked, id=13128, stack(0x0000008b33500000,0x0000008b33600000)]
  0x000001a21d274000 JavaThread "C2 CompilerThread0" daemon [_thread_blocked, id=4796, stack(0x0000008b33600000,0x0000008b33700000)]
  0x000001a21d276800 JavaThread "C1 CompilerThread0" daemon [_thread_blocked, id=9720, stack(0x0000008b33700000,0x0000008b33800000)]
  0x000001a21d277800 JavaThread "Sweeper thread" daemon [_thread_blocked, id=9180, stack(0x0000008b33800000,0x0000008b33900000)]
  0x000001a21dd29800 JavaThread "Common-Cleaner" daemon [_thread_blocked, id=3032, stack(0x0000008b33a00000,0x0000008b33b00000)]
  0x000001a21e655800 JavaThread "pool-1-thread-1" [_thread_blocked, id=1136, stack(0x0000008b33c00000,0x0000008b33d00000)]
  0x000001a21ec2a000 JavaThread "DisconnectableInputStream source reader" daemon [_thread_in_native, id=12488, stack(0x0000008b34300000,0x0000008b34400000)]

Other Threads:
  0x000001a21d228800 VMThread "VM Thread" [stack: 0x0000008b32f00000,0x0000008b33000000] [id=512]
  0x000001a21dd26800 WatcherThread [stack: 0x0000008b33900000,0x0000008b33a00000] [id=9060]
  0x000001a201ef3800 GCTaskThread "GC Thread#0" [stack: 0x0000008b32a00000,0x0000008b32b00000] [id=10548]
  0x000001a21dfaa000 GCTaskThread "GC Thread#1" [stack: 0x0000008b33b00000,0x0000008b33c00000] [id=2672]
  0x000001a21e6f2000 GCTaskThread "GC Thread#2" [stack: 0x0000008b33d00000,0x0000008b33e00000] [id=11960]
  0x000001a21e6ff000 GCTaskThread "GC Thread#3" [stack: 0x0000008b33e00000,0x0000008b33f00000] [id=13216]
  0x000001a201f1f800 ConcurrentGCThread "G1 Main Marker" [stack: 0x0000008b32b00000,0x0000008b32c00000] [id=8504]
  0x000001a201f22000 ConcurrentGCThread "G1 Conc#0" [stack: 0x0000008b32c00000,0x0000008b32d00000] [id=7284]
  0x000001a201fa0000 ConcurrentGCThread "G1 Refine#0" [stack: 0x0000008b32d00000,0x0000008b32e00000] [id=7564]
  0x000001a201fa1000 ConcurrentGCThread "G1 Young RemSet Sampling" [stack: 0x0000008b32e00000,0x0000008b32f00000] [id=13124]

=>0x000001a21ec53000 (exited) JavaThread "Forward input" [_thread_in_vm, id=4200, stack(0x0000008b34400000,0x0000008b34500000)]

Threads with active compile tasks:

VM state:not at safepoint (normal execution)

VM Mutex/Monitor currently owned by a thread:  ([mutex/lock_event])
[0x000001a201ed8b20] Threads_lock - owner thread: 0x000001a21ec53000

OutOfMemory and StackOverflow Exception counts:
OutOfMemoryError java_heap_errors=2
LinkageErrors=10

Heap address: 0x000000008d000000, size: 1840 MB, Compressed Oops mode: 32-bit
Narrow klass base: 0x0000000000000000, Narrow klass shift: 3
Compressed class space size: 1073741824 Address: 0x0000000100000000

Heap:
 garbage-first heap   total 118784K, used 18955K [0x000000008d000000, 0x0000000100000000)
  region size 1024K, 12 young (12288K), 1 survivors (1024K)
 Metaspace       used 14434K, capacity 14739K, committed 14848K, reserved 1062912K
  class space    used 1667K, capacity 1788K, committed 1792K, reserved 1048576K
Heap Regions: E=young(eden), S=young(survivor), O=old, HS=humongous(starts), HC=humongous(continues), CS=collection set, F=free, A=archive, TAMS=top-at-mark-start (previous, next)
|   0|0x000000008d000000, 0x000000008d100000, 0x000000008d100000|100%| O|  |TAMS 0x000000008d000000, 0x000000008d000000| Untracked 
|   1|0x000000008d100000, 0x000000008d1ce600, 0x000000008d200000| 80%| O|  |TAMS 0x000000008d100000, 0x000000008d100000| Untracked 
|   2|0x000000008d200000, 0x000000008d200000, 0x000000008d300000|  0%| F|  |TAMS 0x000000008d200000, 0x000000008d200000| Untracked 
|   3|0x000000008d300000, 0x000000008d400000, 0x000000008d400000|100%|HS|  |TAMS 0x000000008d300000, 0x000000008d300000| Complete 
|   4|0x000000008d400000, 0x000000008d500000, 0x000000008d500000|100%|HC|  |TAMS 0x000000008d400000, 0x000000008d400000| Complete 
|   5|0x000000008d500000, 0x000000008d600000, 0x000000008d600000|100%|HC|  |TAMS 0x000000008d500000, 0x000000008d500000| Complete 
|   6|0x000000008d600000, 0x000000008d700000, 0x000000008d700000|100%| O|  |TAMS 0x000000008d600000, 0x000000008d600000| Untracked 
|   7|0x000000008d700000, 0x000000008d800000, 0x000000008d800000|100%| O|  |TAMS 0x000000008d700000, 0x000000008d700000| Untracked 
|   8|0x000000008d800000, 0x000000008d900000, 0x000000008d900000|100%| O|  |TAMS 0x000000008d800000, 0x000000008d800000| Untracked 
|   9|0x000000008d900000, 0x000000008d900000, 0x000000008da00000|  0%| F|  |TAMS 0x000000008d900000, 0x000000008d900000| Untracked 
|  10|0x000000008da00000, 0x000000008da00000, 0x000000008db00000|  0%| F|  |TAMS 0x000000008da00000, 0x000000008da00000| Untracked 
|  11|0x000000008db00000, 0x000000008db00000, 0x000000008dc00000|  0%| F|  |TAMS 0x000000008db00000, 0x000000008db00000| Untracked 
|  12|0x000000008dc00000, 0x000000008dc00000, 0x000000008dd00000|  0%| F|  |TAMS 0x000000008dc00000, 0x000000008dc00000| Untracked 
|  13|0x000000008dd00000, 0x000000008dd00000, 0x000000008de00000|  0%| F|  |TAMS 0x000000008dd00000, 0x000000008dd00000| Untracked 
|  14|0x000000008de00000, 0x000000008de00000, 0x000000008df00000|  0%| F|  |TAMS 0x000000008de00000, 0x000000008de00000| Untracked 
|  15|0x000000008df00000, 0x000000008df00000, 0x000000008e000000|  0%| F|  |TAMS 0x000000008df00000, 0x000000008df00000| Untracked 
|  16|0x000000008e000000, 0x000000008e000000, 0x000000008e100000|  0%| F|  |TAMS 0x000000008e000000, 0x000000008e000000| Untracked 
|  17|0x000000008e100000, 0x000000008e100000, 0x000000008e200000|  0%| F|  |TAMS 0x000000008e100000, 0x000000008e100000| Untracked 
|  18|0x000000008e200000, 0x000000008e200000, 0x000000008e300000|  0%| F|  |TAMS 0x000000008e200000, 0x000000008e200000| Untracked 
|  19|0x000000008e300000, 0x000000008e300000, 0x000000008e400000|  0%| F|  |TAMS 0x000000008e300000, 0x000000008e300000| Untracked 
|  20|0x000000008e400000, 0x000000008e400000, 0x000000008e500000|  0%| F|  |TAMS 0x000000008e400000, 0x000000008e400000| Untracked 
|  21|0x000000008e500000, 0x000000008e500000, 0x000000008e600000|  0%| F|  |TAMS 0x000000008e500000, 0x000000008e500000| Untracked 
|  22|0x000000008e600000, 0x000000008e600000, 0x000000008e700000|  0%| F|  |TAMS 0x000000008e600000, 0x000000008e600000| Untracked 
|  23|0x000000008e700000, 0x000000008e700000, 0x000000008e800000|  0%| F|  |TAMS 0x000000008e700000, 0x000000008e700000| Untracked 
|  24|0x000000008e800000, 0x000000008e800000, 0x000000008e900000|  0%| F|  |TAMS 0x000000008e800000, 0x000000008e800000| Untracked 
|  25|0x000000008e900000, 0x000000008e900000, 0x000000008ea00000|  0%| F|  |TAMS 0x000000008e900000, 0x000000008e900000| Untracked 
|  26|0x000000008ea00000, 0x000000008ea00000, 0x000000008eb00000|  0%| F|  |TAMS 0x000000008ea00000, 0x000000008ea00000| Untracked 
|  27|0x000000008eb00000, 0x000000008eb00000, 0x000000008ec00000|  0%| F|  |TAMS 0x000000008eb00000, 0x000000008eb00000| Untracked 
|  28|0x000000008ec00000, 0x000000008ec00000, 0x000000008ed00000|  0%| F|  |TAMS 0x000000008ec00000, 0x000000008ec00000| Untracked 
|  29|0x000000008ed00000, 0x000000008ed00000, 0x000000008ee00000|  0%| F|  |TAMS 0x000000008ed00000, 0x000000008ed00000| Untracked 
|  30|0x000000008ee00000, 0x000000008ee00000, 0x000000008ef00000|  0%| F|  |TAMS 0x000000008ee00000, 0x000000008ee00000| Untracked 
|  31|0x000000008ef00000, 0x000000008ef00000, 0x000000008f000000|  0%| F|  |TAMS 0x000000008ef00000, 0x000000008ef00000| Untracked 
|  32|0x000000008f000000, 0x000000008f000000, 0x000000008f100000|  0%| F|  |TAMS 0x000000008f000000, 0x000000008f000000| Untracked 
|  33|0x000000008f100000, 0x000000008f100000, 0x000000008f200000|  0%| F|  |TAMS 0x000000008f100000, 0x000000008f100000| Untracked 
|  34|0x000000008f200000, 0x000000008f200000, 0x000000008f300000|  0%| F|  |TAMS 0x000000008f200000, 0x000000008f200000| Untracked 
|  35|0x000000008f300000, 0x000000008f300000, 0x000000008f400000|  0%| F|  |TAMS 0x000000008f300000, 0x000000008f300000| Untracked 
|  36|0x000000008f400000, 0x000000008f400000, 0x000000008f500000|  0%| F|  |TAMS 0x000000008f400000, 0x000000008f400000| Untracked 
|  37|0x000000008f500000, 0x000000008f500000, 0x000000008f600000|  0%| F|  |TAMS 0x000000008f500000, 0x000000008f500000| Untracked 
|  38|0x000000008f600000, 0x000000008f600000, 0x000000008f700000|  0%| F|  |TAMS 0x000000008f600000, 0x000000008f600000| Untracked 
|  39|0x000000008f700000, 0x000000008f700000, 0x000000008f800000|  0%| F|  |TAMS 0x000000008f700000, 0x000000008f700000| Untracked 
|  40|0x000000008f800000, 0x000000008f800000, 0x000000008f900000|  0%| F|  |TAMS 0x000000008f800000, 0x000000008f800000| Untracked 
|  41|0x000000008f900000, 0x000000008f900000, 0x000000008fa00000|  0%| F|  |TAMS 0x000000008f900000, 0x000000008f900000| Untracked 
|  42|0x000000008fa00000, 0x000000008fa00000, 0x000000008fb00000|  0%| F|  |TAMS 0x000000008fa00000, 0x000000008fa00000| Untracked 
|  43|0x000000008fb00000, 0x000000008fb00000, 0x000000008fc00000|  0%| F|  |TAMS 0x000000008fb00000, 0x000000008fb00000| Untracked 
|  44|0x000000008fc00000, 0x000000008fc00000, 0x000000008fd00000|  0%| F|  |TAMS 0x000000008fc00000, 0x000000008fc00000| Untracked 
|  45|0x000000008fd00000, 0x000000008fd00000, 0x000000008fe00000|  0%| F|  |TAMS 0x000000008fd00000, 0x000000008fd00000| Untracked 
|  46|0x000000008fe00000, 0x000000008fe00000, 0x000000008ff00000|  0%| F|  |TAMS 0x000000008fe00000, 0x000000008fe00000| Untracked 
|  47|0x000000008ff00000, 0x000000008ff00000, 0x0000000090000000|  0%| F|  |TAMS 0x000000008ff00000, 0x000000008ff00000| Untracked 
|  48|0x0000000090000000, 0x0000000090000000, 0x0000000090100000|  0%| F|  |TAMS 0x0000000090000000, 0x0000000090000000| Untracked 
|  49|0x0000000090100000, 0x0000000090100000, 0x0000000090200000|  0%| F|  |TAMS 0x0000000090100000, 0x0000000090100000| Untracked 
|  50|0x0000000090200000, 0x0000000090200000, 0x0000000090300000|  0%| F|  |TAMS 0x0000000090200000, 0x0000000090200000| Untracked 
|  51|0x0000000090300000, 0x0000000090300000, 0x0000000090400000|  0%| F|  |TAMS 0x0000000090300000, 0x0000000090300000| Untracked 
|  52|0x0000000090400000, 0x0000000090400000, 0x0000000090500000|  0%| F|  |TAMS 0x0000000090400000, 0x0000000090400000| Untracked 
|  53|0x0000000090500000, 0x0000000090500000, 0x0000000090600000|  0%| F|  |TAMS 0x0000000090500000, 0x0000000090500000| Untracked 
|  54|0x0000000090600000, 0x0000000090600000, 0x0000000090700000|  0%| F|  |TAMS 0x0000000090600000, 0x0000000090600000| Untracked 
|  55|0x0000000090700000, 0x0000000090700000, 0x0000000090800000|  0%| F|  |TAMS 0x0000000090700000, 0x0000000090700000| Untracked 
|  56|0x0000000090800000, 0x0000000090800000, 0x0000000090900000|  0%| F|  |TAMS 0x0000000090800000, 0x0000000090800000| Untracked 
|  57|0x0000000090900000, 0x0000000090900000, 0x0000000090a00000|  0%| F|  |TAMS 0x0000000090900000, 0x0000000090900000| Untracked 
|  58|0x0000000090a00000, 0x0000000090a00000, 0x0000000090b00000|  0%| F|  |TAMS 0x0000000090a00000, 0x0000000090a00000| Untracked 
|  59|0x0000000090b00000, 0x0000000090b00000, 0x0000000090c00000|  0%| F|  |TAMS 0x0000000090b00000, 0x0000000090b00000| Untracked 
|  60|0x0000000090c00000, 0x0000000090c00000, 0x0000000090d00000|  0%| F|  |TAMS 0x0000000090c00000, 0x0000000090c00000| Untracked 
|  61|0x0000000090d00000, 0x0000000090d00000, 0x0000000090e00000|  0%| F|  |TAMS 0x0000000090d00000, 0x0000000090d00000| Untracked 
|  62|0x0000000090e00000, 0x0000000090e00000, 0x0000000090f00000|  0%| F|  |TAMS 0x0000000090e00000, 0x0000000090e00000| Untracked 
|  63|0x0000000090f00000, 0x0000000090f00000, 0x0000000091000000|  0%| F|  |TAMS 0x0000000090f00000, 0x0000000090f00000| Untracked 
|  64|0x0000000091000000, 0x0000000091000000, 0x0000000091100000|  0%| F|  |TAMS 0x0000000091000000, 0x0000000091000000| Untracked 
|  65|0x0000000091100000, 0x0000000091100000, 0x0000000091200000|  0%| F|  |TAMS 0x0000000091100000, 0x0000000091100000| Untracked 
|  66|0x0000000091200000, 0x0000000091200000, 0x0000000091300000|  0%| F|  |TAMS 0x0000000091200000, 0x0000000091200000| Untracked 
|  67|0x0000000091300000, 0x0000000091300000, 0x0000000091400000|  0%| F|  |TAMS 0x0000000091300000, 0x0000000091300000| Untracked 
|  68|0x0000000091400000, 0x0000000091400000, 0x0000000091500000|  0%| F|  |TAMS 0x0000000091400000, 0x0000000091400000| Untracked 
|  69|0x0000000091500000, 0x0000000091500000, 0x0000000091600000|  0%| F|  |TAMS 0x0000000091500000, 0x0000000091500000| Untracked 
|  70|0x0000000091600000, 0x0000000091600000, 0x0000000091700000|  0%| F|  |TAMS 0x0000000091600000, 0x0000000091600000| Untracked 
|  71|0x0000000091700000, 0x0000000091700000, 0x0000000091800000|  0%| F|  |TAMS 0x0000000091700000, 0x0000000091700000| Untracked 
|  72|0x0000000091800000, 0x0000000091800000, 0x0000000091900000|  0%| F|  |TAMS 0x0000000091800000, 0x0000000091800000| Untracked 
|  73|0x0000000091900000, 0x0000000091900000, 0x0000000091a00000|  0%| F|  |TAMS 0x0000000091900000, 0x0000000091900000| Untracked 
|  74|0x0000000091a00000, 0x0000000091a00000, 0x0000000091b00000|  0%| F|  |TAMS 0x0000000091a00000, 0x0000000091a00000| Untracked 
|  75|0x0000000091b00000, 0x0000000091b00000, 0x0000000091c00000|  0%| F|  |TAMS 0x0000000091b00000, 0x0000000091b00000| Untracked 
|  76|0x0000000091c00000, 0x0000000091c00000, 0x0000000091d00000|  0%| F|  |TAMS 0x0000000091c00000, 0x0000000091c00000| Untracked 
|  77|0x0000000091d00000, 0x0000000091d00000, 0x0000000091e00000|  0%| F|  |TAMS 0x0000000091d00000, 0x0000000091d00000| Untracked 
|  78|0x0000000091e00000, 0x0000000091e00000, 0x0000000091f00000|  0%| F|  |TAMS 0x0000000091e00000, 0x0000000091e00000| Untracked 
|  79|0x0000000091f00000, 0x0000000091f00000, 0x0000000092000000|  0%| F|  |TAMS 0x0000000091f00000, 0x0000000091f00000| Untracked 
|  80|0x0000000092000000, 0x0000000092000000, 0x0000000092100000|  0%| F|  |TAMS 0x0000000092000000, 0x0000000092000000| Untracked 
|  81|0x0000000092100000, 0x0000000092100000, 0x0000000092200000|  0%| F|  |TAMS 0x0000000092100000, 0x0000000092100000| Untracked 
|  82|0x0000000092200000, 0x0000000092200000, 0x0000000092300000|  0%| F|  |TAMS 0x0000000092200000, 0x0000000092200000| Untracked 
|  83|0x0000000092300000, 0x0000000092300000, 0x0000000092400000|  0%| F|  |TAMS 0x0000000092300000, 0x0000000092300000| Untracked 
|  84|0x0000000092400000, 0x0000000092400000, 0x0000000092500000|  0%| F|  |TAMS 0x0000000092400000, 0x0000000092400000| Untracked 
|  85|0x0000000092500000, 0x0000000092500000, 0x0000000092600000|  0%| F|  |TAMS 0x0000000092500000, 0x0000000092500000| Untracked 
|  86|0x0000000092600000, 0x0000000092600000, 0x0000000092700000|  0%| F|  |TAMS 0x0000000092600000, 0x0000000092600000| Untracked 
|  87|0x0000000092700000, 0x0000000092700000, 0x0000000092800000|  0%| F|  |TAMS 0x0000000092700000, 0x0000000092700000| Untracked 
|  88|0x0000000092800000, 0x0000000092800000, 0x0000000092900000|  0%| F|  |TAMS 0x0000000092800000, 0x0000000092800000| Untracked 
|  89|0x0000000092900000, 0x0000000092900000, 0x0000000092a00000|  0%| F|  |TAMS 0x0000000092900000, 0x0000000092900000| Untracked 
|  90|0x0000000092a00000, 0x0000000092a00000, 0x0000000092b00000|  0%| F|  |TAMS 0x0000000092a00000, 0x0000000092a00000| Untracked 
|  91|0x0000000092b00000, 0x0000000092b00000, 0x0000000092c00000|  0%| F|  |TAMS 0x0000000092b00000, 0x0000000092b00000| Untracked 
|  92|0x0000000092c00000, 0x0000000092c00000, 0x0000000092d00000|  0%| F|  |TAMS 0x0000000092c00000, 0x0000000092c00000| Untracked 
|  93|0x0000000092d00000, 0x0000000092d00000, 0x0000000092e00000|  0%| F|  |TAMS 0x0000000092d00000, 0x0000000092d00000| Untracked 
|  94|0x0000000092e00000, 0x0000000092e00000, 0x0000000092f00000|  0%| F|  |TAMS 0x0000000092e00000, 0x0000000092e00000| Untracked 
|  95|0x0000000092f00000, 0x0000000092f00000, 0x0000000093000000|  0%| F|  |TAMS 0x0000000092f00000, 0x0000000092f00000| Untracked 
|  96|0x0000000093000000, 0x0000000093000000, 0x0000000093100000|  0%| F|  |TAMS 0x0000000093000000, 0x0000000093000000| Untracked 
|  97|0x0000000093100000, 0x0000000093100000, 0x0000000093200000|  0%| F|  |TAMS 0x0000000093100000, 0x0000000093100000| Untracked 
|  98|0x0000000093200000, 0x0000000093200000, 0x0000000093300000|  0%| F|  |TAMS 0x0000000093200000, 0x0000000093200000| Untracked 
|  99|0x0000000093300000, 0x0000000093300000, 0x0000000093400000|  0%| F|  |TAMS 0x0000000093300000, 0x0000000093300000| Untracked 
| 100|0x0000000093400000, 0x0000000093400000, 0x0000000093500000|  0%| F|  |TAMS 0x0000000093400000, 0x0000000093400000| Untracked 
| 101|0x0000000093500000, 0x0000000093500000, 0x0000000093600000|  0%| F|  |TAMS 0x0000000093500000, 0x0000000093500000| Untracked 
| 102|0x0000000093600000, 0x0000000093600000, 0x0000000093700000|  0%| F|  |TAMS 0x0000000093600000, 0x0000000093600000| Untracked 
| 103|0x0000000093700000, 0x0000000093700000, 0x0000000093800000|  0%| F|  |TAMS 0x0000000093700000, 0x0000000093700000| Untracked 
| 104|0x0000000093800000, 0x0000000093843108, 0x0000000093900000| 26%| E|  |TAMS 0x0000000093800000, 0x0000000093800000| Complete 
| 105|0x0000000093900000, 0x00000000939b4650, 0x0000000093a00000| 70%| S|CS|TAMS 0x0000000093900000, 0x0000000093900000| Complete 
| 106|0x0000000093a00000, 0x0000000093b00000, 0x0000000093b00000|100%| E|CS|TAMS 0x0000000093a00000, 0x0000000093a00000| Complete 
| 107|0x0000000093b00000, 0x0000000093c00000, 0x0000000093c00000|100%| E|CS|TAMS 0x0000000093b00000, 0x0000000093b00000| Complete 
| 108|0x0000000093c00000, 0x0000000093d00000, 0x0000000093d00000|100%| E|CS|TAMS 0x0000000093c00000, 0x0000000093c00000| Complete 
| 109|0x0000000093d00000, 0x0000000093e00000, 0x0000000093e00000|100%| E|CS|TAMS 0x0000000093d00000, 0x0000000093d00000| Complete 
| 110|0x0000000093e00000, 0x0000000093f00000, 0x0000000093f00000|100%| E|CS|TAMS 0x0000000093e00000, 0x0000000093e00000| Complete 
| 111|0x0000000093f00000, 0x0000000094000000, 0x0000000094000000|100%| E|CS|TAMS 0x0000000093f00000, 0x0000000093f00000| Complete 
| 112|0x0000000094000000, 0x0000000094100000, 0x0000000094100000|100%| E|CS|TAMS 0x0000000094000000, 0x0000000094000000| Complete 
| 113|0x0000000094100000, 0x0000000094200000, 0x0000000094200000|100%| E|CS|TAMS 0x0000000094100000, 0x0000000094100000| Complete 
| 114|0x0000000094200000, 0x0000000094300000, 0x0000000094300000|100%| E|CS|TAMS 0x0000000094200000, 0x0000000094200000| Complete 
| 115|0x0000000094300000, 0x0000000094400000, 0x0000000094400000|100%| E|CS|TAMS 0x0000000094300000, 0x0000000094300000| Complete 

Card table byte_map: [0x000001a216bb0000,0x000001a216f50000] _byte_map_base: 0x000001a216748000

Marking Bits (Prev, Next): (CMBitMap*) 0x000001a201f176a8, (CMBitMap*) 0x000001a201f176e0
 Prev Bits: [0x000001a2172f0000, 0x000001a218fb0000)
 Next Bits: [0x000001a218fb0000, 0x000001a21ac70000)

Polling page: 0x000001a201d50000

Metaspace:

Usage:
  Non-class:     12.65 MB capacity,    12.47 MB ( 99%) used,   165.47 KB (  1%) free+waste,    18.94 KB ( <1%) overhead. 
      Class:      1.75 MB capacity,     1.63 MB ( 93%) used,   110.84 KB (  6%) free+waste,     9.31 KB ( <1%) overhead. 
       Both:     14.39 MB capacity,    14.10 MB ( 98%) used,   276.31 KB (  2%) free+waste,    28.25 KB ( <1%) overhead. 

Virtual space:
  Non-class space:       14.00 MB reserved,      12.75 MB ( 91%) committed 
      Class space:        1.00 GB reserved,       1.75 MB ( <1%) committed 
             Both:        1.01 GB reserved,      14.50 MB (  1%) committed 

Chunk freelists:
   Non-Class:  41.00 KB
       Class:  4.00 KB
        Both:  45.00 KB

MaxMetaspaceSize: 17179869184.00 GB
CompressedClassSpaceSize: 1.00 GB

CodeHeap 'non-profiled nmethods': size=120064Kb used=378Kb max_used=378Kb free=119685Kb
 bounds [0x000001a20ecb0000, 0x000001a20ef20000, 0x000001a2161f0000]
CodeHeap 'profiled nmethods': size=120000Kb used=2027Kb max_used=2027Kb free=117972Kb
 bounds [0x000001a207780000, 0x000001a2079f0000, 0x000001a20ecb0000]
CodeHeap 'non-nmethods': size=5696Kb used=1096Kb max_used=1111Kb free=4599Kb
 bounds [0x000001a2071f0000, 0x000001a207460000, 0x000001a207780000]
 total_blobs=1554 nmethods=1141 adapters=326
 compilation: enabled
              stopped_count=0, restarted_count=0
 full_count=0

Compilation events (20 events):
Event: 5.311 Thread 0x000001a21d276800 1129       3       java.lang.invoke.VarHandleInts$FieldInstanceReadWrite::compareAndSet (24 bytes)
Event: 5.311 Thread 0x000001a21d276800 nmethod 1129 0x000001a207976e90 code [0x000001a2079770a0, 0x000001a207977548]
Event: 5.510 Thread 0x000001a21d276800 1131       3       java.lang.Thread::interrupted (8 bytes)
Event: 5.510 Thread 0x000001a21d276800 nmethod 1131 0x000001a207977790 code [0x000001a207977940, 0x000001a207977a68]
Event: 6.331 Thread 0x000001a21d276800 1133       3       java.nio.MappedByteBuffer::position (6 bytes)
Event: 6.331 Thread 0x000001a21d276800 nmethod 1133 0x000001a207977b10 code [0x000001a207977ce0, 0x000001a207977ee8]
Event: 6.425 Thread 0x000001a21d276800 1134       3       java.util.HashSet::isEmpty (8 bytes)
Event: 6.425 Thread 0x000001a21d276800 nmethod 1134 0x000001a207978010 code [0x000001a2079781c0, 0x000001a2079783f8]
Event: 7.213 Thread 0x000001a21d276800 1135       3       java.util.concurrent.locks.AbstractQueuedSynchronizer::release (33 bytes)
Event: 7.213 Thread 0x000001a21d276800 nmethod 1135 0x000001a207978510 code [0x000001a2079786e0, 0x000001a2079789b8]
Event: 7.310 Thread 0x000001a21d276800 1136       3       java.util.concurrent.ThreadPoolExecutor::runStateAtLeast (11 bytes)
Event: 7.310 Thread 0x000001a21d276800 nmethod 1136 0x000001a207978a90 code [0x000001a207978c40, 0x000001a207978d78]
Event: 7.626 Thread 0x000001a21d276800 1137       3       java.util.concurrent.locks.AbstractQueuedSynchronizer::compareAndSetState (10 bytes)
Event: 7.626 Thread 0x000001a21d276800 nmethod 1137 0x000001a207978e10 code [0x000001a207979020, 0x000001a2079795f8]
Event: 8.890 Thread 0x000001a21d276800 1138       3       java.util.concurrent.locks.ReentrantLock$NonfairSync::tryAcquire (6 bytes)
Event: 8.890 Thread 0x000001a21d276800 nmethod 1138 0x000001a207979810 code [0x000001a2079799c0, 0x000001a207979ae8]
Event: 8.891 Thread 0x000001a21d276800 1139       3       java.util.concurrent.locks.ReentrantLock$Sync::nonfairTryAcquire (67 bytes)
Event: 8.892 Thread 0x000001a21d276800 nmethod 1139 0x000001a207979b90 code [0x000001a207979de0, 0x000001a20797a668]
Event: 8.892 Thread 0x000001a21d276800 1140       3       java.util.concurrent.locks.ReentrantLock$Sync::tryRelease (45 bytes)
Event: 8.892 Thread 0x000001a21d276800 nmethod 1140 0x000001a20797a990 code [0x000001a20797ab60, 0x000001a20797ae48]

GC Heap History (4 events):
Event: 1.738 GC heap before
{Heap before GC invocations=0 (full 0):
 garbage-first heap   total 118784K, used 19456K [0x000000008d000000, 0x0000000100000000)
  region size 1024K, 14 young (14336K), 0 survivors (0K)
 Metaspace       used 8086K, capacity 8273K, committed 8576K, reserved 1056768K
  class space    used 740K, capacity 818K, committed 896K, reserved 1048576K
}
Event: 1.752 GC heap after
{Heap after GC invocations=1 (full 0):
 garbage-first heap   total 118784K, used 7825K [0x000000008d000000, 0x0000000100000000)
  region size 1024K, 2 young (2048K), 2 survivors (2048K)
 Metaspace       used 8086K, capacity 8273K, committed 8576K, reserved 1056768K
  class space    used 740K, capacity 818K, committed 896K, reserved 1048576K
}
Event: 2.417 GC heap before
{Heap before GC invocations=1 (full 0):
 garbage-first heap   total 118784K, used 18065K [0x000000008d000000, 0x0000000100000000)
  region size 1024K, 12 young (12288K), 2 survivors (2048K)
 Metaspace       used 11227K, capacity 11496K, committed 11648K, reserved 1058816K
  class space    used 1223K, capacity 1301K, committed 1408K, reserved 1048576K
}
Event: 2.423 GC heap after
{Heap after GC invocations=2 (full 0):
 garbage-first heap   total 118784K, used 8715K [0x000000008d000000, 0x0000000100000000)
  region size 1024K, 1 young (1024K), 1 survivors (1024K)
 Metaspace       used 11227K, capacity 11496K, committed 11648K, reserved 1058816K
  class space    used 1223K, capacity 1301K, committed 1408K, reserved 1048576K
}

Deoptimization events (20 events):
Event: 2.059 Thread 0x000001a201edc800 DEOPT PACKING pc=0x000001a20eccd430 sp=0x0000008b329fd730
Event: 2.059 Thread 0x000001a201edc800 DEOPT UNPACKING pc=0x000001a20721662f sp=0x0000008b329fd6d8 mode 2
Event: 2.059 Thread 0x000001a201edc800 Uncommon trap: trap_request=0xffffffde fr.pc=0x000001a20eccd430 relative=0x0000000000000390
Event: 2.059 Thread 0x000001a201edc800 Uncommon trap: reason=class_check action=maybe_recompile pc=0x000001a20eccd430 method=java.util.regex.Matcher.match(II)Z @ 121 c2
Event: 2.059 Thread 0x000001a201edc800 DEOPT PACKING pc=0x000001a20eccd430 sp=0x0000008b329fd730
Event: 2.059 Thread 0x000001a201edc800 DEOPT UNPACKING pc=0x000001a20721662f sp=0x0000008b329fd6d8 mode 2
Event: 2.693 Thread 0x000001a201edc800 Uncommon trap: trap_request=0xffffff4d fr.pc=0x000001a20ecf5570 relative=0x00000000000001b0
Event: 2.693 Thread 0x000001a201edc800 Uncommon trap: reason=unstable_if action=reinterpret pc=0x000001a20ecf5570 method=java.util.HashMap.getNode(ILjava/lang/Object;)Ljava/util/HashMap$Node; @ 129 c2
Event: 2.693 Thread 0x000001a201edc800 DEOPT PACKING pc=0x000001a20ecf5570 sp=0x0000008b329faf60
Event: 2.693 Thread 0x000001a201edc800 DEOPT UNPACKING pc=0x000001a20721662f sp=0x0000008b329fae60 mode 2
Event: 2.693 Thread 0x000001a201edc800 Uncommon trap: trap_request=0xffffffde fr.pc=0x000001a20ecdfe20 relative=0x0000000000000f00
Event: 2.693 Thread 0x000001a201edc800 Uncommon trap: reason=class_check action=maybe_recompile pc=0x000001a20ecdfe20 method=java.util.HashMap.putVal(ILjava/lang/Object;Ljava/lang/Object;ZZ)Ljava/lang/Object; @ 203 c2
Event: 2.693 Thread 0x000001a201edc800 DEOPT PACKING pc=0x000001a20ecdfe20 sp=0x0000008b329faee0
Event: 2.693 Thread 0x000001a201edc800 DEOPT UNPACKING pc=0x000001a20721662f sp=0x0000008b329fae70 mode 2
Event: 3.181 Thread 0x000001a201edc800 DEOPT PACKING pc=0x000001a20784e3b0 sp=0x0000008b329fa9a0
Event: 3.181 Thread 0x000001a201edc800 DEOPT UNPACKING pc=0x000001a207216dde sp=0x0000008b329f9eb8 mode 0
Event: 3.834 Thread 0x000001a201edc800 Uncommon trap: trap_request=0xffffff4d fr.pc=0x000001a20ed06250 relative=0x0000000000000230
Event: 3.834 Thread 0x000001a201edc800 Uncommon trap: reason=unstable_if action=reinterpret pc=0x000001a20ed06250 method=java.io.BufferedInputStream.read()I @ 8 c2
Event: 3.834 Thread 0x000001a201edc800 DEOPT PACKING pc=0x000001a20ed06250 sp=0x0000008b329fcd50
Event: 3.834 Thread 0x000001a201edc800 DEOPT UNPACKING pc=0x000001a20721662f sp=0x0000008b329fcd00 mode 2

Classes redefined (0 events):
No events

Internal exceptions (12 events):
Event: 0.530 Thread 0x000001a201edc800 Exception <a 'java/lang/NoSuchMethodError'{0x00000000942882a0}: 'int java.lang.invoke.DirectMethodHandle$Holder.invokeSpecialIFC(java.lang.Object, java.lang.Object, int)'> (0x00000000942882a0) thrown at [./src/hotspot/share/interpreter/linkResolver.cpp, line 773]
Event: 0.774 Thread 0x000001a201edc800 Exception <a 'java/lang/NoSuchMethodError'{0x000000009400af68}: 'int java.lang.invoke.DirectMethodHandle$Holder.invokeStaticInit(java.lang.Object, java.lang.Object)'> (0x000000009400af68) thrown at [./src/hotspot/share/interpreter/linkResolver.cpp, line 773]
Event: 0.893 Thread 0x000001a201edc800 Exception <a 'java/lang/NoSuchMethodError'{0x00000000940c64e8}: 'int java.lang.invoke.DirectMethodHandle$Holder.invokeSpecial(java.lang.Object, java.lang.Object, java.lang.Object, java.lang.Object)'> (0x00000000940c64e8) thrown at [./src/hotspot/share/interpreter/linkResolver.cpp, line 773]
Event: 2.160 Thread 0x000001a201edc800 Exception <a 'java/lang/NoClassDefFoundError'{0x0000000093f8f590}: org/slf4j/impl/StaticMarkerBinder> (0x0000000093f8f590) thrown at [./src/hotspot/share/classfile/systemDictionary.cpp, line 220]
Event: 2.192 Thread 0x000001a201edc800 Exception <a 'java/lang/NoSuchMethodError'{0x0000000093e27450}: 'java.lang.Object java.lang.invoke.DirectMethodHandle$Holder.invokeVirtual(java.lang.Object, java.lang.Object, java.lang.Object, java.lang.Object, java.lang.Object)'> (0x0000000093e27450) thrown at [./src/hotspot/share/interpreter/linkResolver.cpp, line 773]
Event: 2.374 Thread 0x000001a201edc800 Exception <a 'java/lang/NoSuchMethodError'{0x0000000093bc4320}: 'java.lang.Object java.lang.invoke.Invokers$Holder.invoker(java.lang.Object, java.lang.Object, java.lang.Object, java.lang.Object, java.lang.Object)'> (0x0000000093bc4320) thrown at [./src/hotspot/share/interpreter/linkResolver.cpp, line 773]
Event: 2.379 Thread 0x000001a201edc800 Exception <a 'java/lang/NoSuchMethodError'{0x0000000093bd5088}: 'void java.lang.invoke.DelegatingMethodHandle$Holder.delegate(java.lang.Object, java.lang.Object, int, java.lang.Object)'> (0x0000000093bd5088) thrown at [./src/hotspot/share/interpreter/linkResolver.cpp, line 773]
Event: 2.567 Thread 0x000001a201edc800 Exception <a 'java/lang/NoSuchMethodError'{0x0000000094166538}: 'java.lang.Object java.lang.invoke.DirectMethodHandle$Holder.invokeStaticInit(java.lang.Object, java.lang.Object, java.lang.Object)'> (0x0000000094166538) thrown at [./src/hotspot/share/interpreter/linkResolver.cpp, line 773]
Event: 2.724 Thread 0x000001a201edc800 Exception <a 'java/lang/NoSuchMethodError'{0x0000000093d969e0}: 'java.lang.Object java.lang.invoke.DirectMethodHandle$Holder.invokeStaticInit(java.lang.Object, int, int, int, int)'> (0x0000000093d969e0) thrown at [./src/hotspot/share/interpreter/linkResolver.cpp, line 773]
Event: 3.173 Thread 0x000001a201edc800 Exception <a 'java/lang/NoSuchMethodError'{0x0000000093c6b450}: 'java.lang.Object java.lang.invoke.DirectMethodHandle$Holder.invokeStaticInit(java.lang.Object, java.lang.Object, int, int, int, int)'> (0x0000000093c6b450) thrown at [./src/hotspot/share/interpreter/linkResolver.cpp, line 773]
Event: 9.609 Thread 0x000001a201edc800 Exception <a 'java/lang/OutOfMemoryError'{0x0000000093acd0c0}> (0x0000000093acd0c0) thrown at [./src/hotspot/share/prims/jni.cpp, line 636]
Event: 9.609 Thread 0x000001a201edc800 Exception <a 'java/lang/OutOfMemoryError'{0x0000000093acd0c0}> (0x0000000093acd0c0) thrown at [./src/hotspot/share/prims/jvm.cpp, line 1310]

Events (20 events):
Event: 4.256 Thread 0x000001a21e9db800 Thread exited: 0x000001a21e9db800
Event: 4.256 Thread 0x000001a21ec53000 Thread added: 0x000001a21ec53000
Event: 4.257 loading class org/gradle/internal/concurrent/GradleThread
Event: 4.257 loading class org/gradle/internal/concurrent/GradleThread done
Event: 4.257 Executing VM operation: RevokeBias
Event: 4.257 Executing VM operation: RevokeBias done
Event: 4.257 Executing VM operation: RevokeBias
Event: 4.257 Executing VM operation: RevokeBias done
Event: 4.258 loading class org/gradle/internal/concurrent/GradleThread$1
Event: 4.258 loading class org/gradle/internal/concurrent/GradleThread$1 done
Event: 4.258 Executing VM operation: RevokeBias
Event: 4.258 Executing VM operation: RevokeBias done
Event: 9.608 loading class com/google/common/collect/CollectPreconditions
Event: 9.608 loading class com/google/common/collect/CollectPreconditions done
Event: 9.609 loading class java/security/PrivilegedActionException
Event: 9.609 loading class java/security/PrivilegedActionException done
Event: 9.611 Executing VM operation: RevokeBias
Event: 9.611 Executing VM operation: RevokeBias done
Event: 9.611 loading class org/gradle/internal/remote/internal/inet/SocketConnection$1
Event: 9.611 loading class org/gradle/internal/remote/internal/inet/SocketConnection$1 done


Dynamic libraries:
0x00007ff6a0bf0000 - 0x00007ff6a0bfa000 	C:\ANDROID STUDIO\jre\bin\java.exe
0x00007ffdf6f10000 - 0x00007ffdf7105000 	C:\Windows\SYSTEM32\ntdll.dll
0x00007ffdf5b70000 - 0x00007ffdf5c2e000 	C:\Windows\System32\KERNEL32.DLL
0x00007ffdf46c0000 - 0x00007ffdf4988000 	C:\Windows\System32\KERNELBASE.dll
0x00007ffdf4b90000 - 0x00007ffdf4c90000 	C:\Windows\System32\ucrtbase.dll
0x00007ffdc6650000 - 0x00007ffdc6669000 	C:\ANDROID STUDIO\jre\bin\jli.dll
0x00007ffdf66e0000 - 0x00007ffdf6880000 	C:\Windows\System32\USER32.dll
0x00007ffdf4c90000 - 0x00007ffdf4cb2000 	C:\Windows\System32\win32u.dll
0x00007ffdf5a70000 - 0x00007ffdf5a9a000 	C:\Windows\System32\GDI32.dll
0x00007ffdf4d70000 - 0x00007ffdf4e7b000 	C:\Windows\System32\gdi32full.dll
0x00007ffdf4ed0000 - 0x00007ffdf4f6d000 	C:\Windows\System32\msvcp_win.dll
0x00007ffdc6b70000 - 0x00007ffdc6b87000 	C:\ANDROID STUDIO\jre\bin\VCRUNTIME140.dll
0x00007ffde64f0000 - 0x00007ffde678a000 	C:\Windows\WinSxS\amd64_microsoft.windows.common-controls_6595b64144ccf1df_6.0.19041.1110_none_60b5254171f9507e\COMCTL32.dll
0x00007ffdf6d10000 - 0x00007ffdf6dae000 	C:\Windows\System32\msvcrt.dll
0x00007ffdf6ce0000 - 0x00007ffdf6d10000 	C:\Windows\System32\IMM32.DLL
0x00007ffdc0b90000 - 0x00007ffdc0c2d000 	C:\ANDROID STUDIO\jre\bin\msvcp140.dll
0x00007ffdc7560000 - 0x00007ffdc8035000 	C:\ANDROID STUDIO\jre\bin\server\jvm.dll
0x00007ffdf5e20000 - 0x00007ffdf5ece000 	C:\Windows\System32\ADVAPI32.dll
0x00007ffdf6640000 - 0x00007ffdf66dc000 	C:\Windows\System32\sechost.dll
0x00007ffdf6b50000 - 0x00007ffdf6c75000 	C:\Windows\System32\RPCRT4.dll
0x00007ffdf53e0000 - 0x00007ffdf53e8000 	C:\Windows\System32\PSAPI.DLL
0x00007ffdc7550000 - 0x00007ffdc7559000 	C:\Windows\SYSTEM32\WSOCK32.dll
0x00007ffdf5aa0000 - 0x00007ffdf5b0b000 	C:\Windows\System32\WS2_32.dll
0x00007ffde69f0000 - 0x00007ffde6a17000 	C:\Windows\SYSTEM32\WINMM.dll
0x00007ffdeb290000 - 0x00007ffdeb29a000 	C:\Windows\SYSTEM32\VERSION.dll
0x00007ffdf2550000 - 0x00007ffdf2562000 	C:\Windows\SYSTEM32\kernel.appcore.dll
0x00007ffdc7530000 - 0x00007ffdc7541000 	C:\ANDROID STUDIO\jre\bin\verify.dll
0x00007ffde6eb0000 - 0x00007ffde7094000 	C:\Windows\SYSTEM32\DBGHELP.DLL
0x00007ffde6e60000 - 0x00007ffde6e8c000 	C:\Windows\SYSTEM32\dbgcore.DLL
0x00007ffdf4630000 - 0x00007ffdf46b2000 	C:\Windows\System32\bcryptPrimitives.dll
0x00007ffdc7500000 - 0x00007ffdc7529000 	C:\ANDROID STUDIO\jre\bin\java.dll
0x00007ffdc74f0000 - 0x00007ffdc74fb000 	C:\ANDROID STUDIO\jre\bin\jimage.dll
0x00007ffdc74d0000 - 0x00007ffdc74e8000 	C:\ANDROID STUDIO\jre\bin\zip.dll
0x00007ffdf5ef0000 - 0x00007ffdf6634000 	C:\Windows\System32\SHELL32.dll
0x00007ffdf2750000 - 0x00007ffdf2ee4000 	C:\Windows\SYSTEM32\windows.storage.dll
0x00007ffdf5680000 - 0x00007ffdf59d4000 	C:\Windows\System32\combase.dll
0x00007ffdf40a0000 - 0x00007ffdf40cc000 	C:\Windows\SYSTEM32\Wldp.dll
0x00007ffdf6db0000 - 0x00007ffdf6e5d000 	C:\Windows\System32\SHCORE.dll
0x00007ffdf6c80000 - 0x00007ffdf6cd5000 	C:\Windows\System32\shlwapi.dll
0x00007ffdf4570000 - 0x00007ffdf458f000 	C:\Windows\SYSTEM32\profapi.dll
0x00007ffdc74b0000 - 0x00007ffdc74ca000 	C:\ANDROID STUDIO\jre\bin\net.dll
0x00007ffde9c70000 - 0x00007ffde9d7a000 	C:\Windows\SYSTEM32\WINHTTP.dll
0x00007ffdf3e00000 - 0x00007ffdf3e6a000 	C:\Windows\system32\mswsock.dll
0x00007ffdc7490000 - 0x00007ffdc74a4000 	C:\ANDROID STUDIO\jre\bin\nio.dll
0x00007ffdc6620000 - 0x00007ffdc6646000 	C:\Users\SARDOR\.gradle\native\fdc75f09e3144964f2cf3f50f0aa648679c211496f362492102eb8c894070792\windows-amd64\native-platform.dll
0x00007ffdb3c60000 - 0x00007ffdb3df1000 	C:\Users\SARDOR\.gradle\native\12488b8bf47d2d4c9fbf2f6322a914ad602e24e48041cd04a747c6da556b65c4\windows-amd64\native-platform-file-events.dll
0x00007ffdc7070000 - 0x00007ffdc707a000 	C:\ANDROID STUDIO\jre\bin\management.dll
0x00007ffdc7060000 - 0x00007ffdc706d000 	C:\ANDROID STUDIO\jre\bin\management_ext.dll
0x00007ffdf3ff0000 - 0x00007ffdf4008000 	C:\Windows\SYSTEM32\CRYPTSP.dll
0x00007ffdf3710000 - 0x00007ffdf3744000 	C:\Windows\system32\rsaenh.dll
0x00007ffdf4a00000 - 0x00007ffdf4a27000 	C:\Windows\System32\bcrypt.dll
0x00007ffdf4530000 - 0x00007ffdf455e000 	C:\Windows\SYSTEM32\USERENV.dll
0x00007ffdf4010000 - 0x00007ffdf401c000 	C:\Windows\SYSTEM32\CRYPTBASE.dll
0x00007ffdf3aa0000 - 0x00007ffdf3adb000 	C:\Windows\SYSTEM32\IPHLPAPI.DLL
0x00007ffdf6ec0000 - 0x00007ffdf6ec8000 	C:\Windows\System32\NSI.dll
0x00007ffdebaf0000 - 0x00007ffdebb07000 	C:\Windows\SYSTEM32\dhcpcsvc6.DLL
0x00007ffdebcf0000 - 0x00007ffdebd0d000 	C:\Windows\SYSTEM32\dhcpcsvc.DLL
0x00007ffdf3af0000 - 0x00007ffdf3bbb000 	C:\Windows\SYSTEM32\DNSAPI.dll
0x00007ffded0c0000 - 0x00007ffded0cb000 	C:\Windows\SYSTEM32\WINNSI.DLL

dbghelp: loaded successfully - version: 4.0.5 - missing functions: none
symbol engine: initialized successfully - sym options: 0x614 - pdb path: .;C:\ANDROID STUDIO\jre\bin;C:\Windows\SYSTEM32;C:\Windows\WinSxS\amd64_microsoft.windows.common-controls_6595b64144ccf1df_6.0.19041.1110_none_60b5254171f9507e;C:\ANDROID STUDIO\jre\bin\server;C:\Users\SARDOR\.gradle\native\fdc75f09e3144964f2cf3f50f0aa648679c211496f362492102eb8c894070792\windows-amd64;C:\Users\SARDOR\.gradle\native\12488b8bf47d2d4c9fbf2f6322a914ad602e24e48041cd04a747c6da556b65c4\windows-amd64

VM Arguments:
jvm_args: -Dorg.gradle.appname=gradlew 
java_command: org.gradle.wrapper.GradleWrapperMain -q -Ptarget-platform=android-x86 -Ptarget=C:\8-modul\scoped_model_pattern\lib\main.dart -Pbase-application-name=android.app.Application -Pdart-defines=Zmx1dHRlci5pbnNwZWN0b3Iuc3RydWN0dXJlZEVycm9ycz10cnVl,RkxVVFRFUl9XRUJfQVVUT19ERVRFQ1Q9dHJ1ZQ== -Pdart-obfuscation=false -Ptrack-widget-creation=true -Ptree-shake-icons=false -Pfilesystem-scheme=org-dartlang-root assembleDebug
java_class_path (initial): C:\8-modul\scoped_model_pattern\android\\gradle\wrapper\gradle-wrapper.jar
Launcher Type: SUN_STANDARD

[Global flags]
     intx CICompilerCount                          = 3                                         {product} {ergonomic}
     uint ConcGCThreads                            = 1                                         {product} {ergonomic}
     uint G1ConcRefinementThreads                  = 4                                         {product} {ergonomic}
   size_t G1HeapRegionSize                         = 1048576                                   {product} {ergonomic}
    uintx GCDrainStackTargetSize                   = 64                                        {product} {ergonomic}
   size_t InitialHeapSize                          = 121634816                                 {product} {ergonomic}
   size_t MarkStackSize                            = 4194304                                   {product} {ergonomic}
   size_t MaxHeapSize                              = 1929379840                                {product} {ergonomic}
   size_t MaxNewSize                               = 1157627904                                {product} {ergonomic}
   size_t MinHeapDeltaBytes                        = 1048576                                   {product} {ergonomic}
    uintx NonNMethodCodeHeapSize                   = 5830732                                {pd product} {ergonomic}
    uintx NonProfiledCodeHeapSize                  = 122913754                              {pd product} {ergonomic}
    uintx ProfiledCodeHeapSize                     = 122913754                              {pd product} {ergonomic}
    uintx ReservedCodeCacheSize                    = 251658240                              {pd product} {ergonomic}
     bool SegmentedCodeCache                       = true                                      {product} {ergonomic}
     bool UseCompressedClassPointers               = true                                 {lp64_product} {ergonomic}
     bool UseCompressedOops                        = true                                 {lp64_product} {ergonomic}
     bool UseG1GC                                  = true                                      {product} {ergonomic}
     bool UseLargePagesIndividualAllocation        = false                                  {pd product} {ergonomic}

Logging:
Log output configuration:
 #0: stdout all=warning uptime,level,tags
 #1: stderr all=off uptime,level,tags

Environment Variables:
JAVA_HOME=C:\ANDROID STUDIO\jre
CLASSPATH=C:\8-modul\scoped_model_pattern\android\\gradle\wrapper\gradle-wrapper.jar
PATH=C:\Program Files (x86)\Common Files\Oracle\Java\javapath;C:\Windows\system32;C:\Windows;C:\Windows\System32\Wbem;C:\Windows\System32\WindowsPowerShell\v1.0\;C:\Windows\System32\OpenSSH\;C:\Program Files\Git\cmd;C:\Program Files\dotnet\;C:\Users\SARDOR\AppData\Local\Microsoft\WindowsApps;C:\VS Code\Microsoft VS Code\bin;C:\flutter\bin;C:\Program Files\JetBrains\IntelliJ IDEA 2021.3.2\bin;;C:\Program Files\Java\jdk1.8.0_301\bin;C:\Users\SARDOR\AppData\Local\Programs\MiKTeX\miktex\bin\x64\;C:\flutter\bin\mingit\cmd
USERNAME=SARDOR
OS=Windows_NT
PROCESSOR_IDENTIFIER=AMD64 Family 21 Model 19 Stepping 1, AuthenticAMD



---------------  S Y S T E M  ---------------

OS: Windows 10 , 64 bit Build 19041 (10.0.19041.1645)
OS uptime: 0 days 14:47 hours

CPU:total 4 (initial active 4) (4 cores per cpu, 1 threads per core) family 21 model 19 stepping 1 microcode 0x0, cmov, cx8, fxsr, mmx, sse, sse2, sse3, ssse3, sse4.1, sse4.2, popcnt, avx, aes, clmul, mmxext, 3dnowpref, lzcnt, sse4a, tsc, tscinvbit, tscinv, bmi1, fma

Memory: 4k page, system-wide physical 7358M (1298M free)
TotalPageFile size 15550M (AvailPageFile size 0M)
current process WorkingSet (physical memory assigned to process): 80M, peak: 83M
current process commit charge ("private bytes"): 203M, peak: 205M

vm_info: OpenJDK 64-Bit Server VM (11.0.11+9-b60-7590822) for windows-amd64 JRE (11.0.11+9-b60-7590822), built on Jul 29 2021 21:43:44 by "builder" with MS VC++ 14.0 (VS2015)

END.
